rob@rob-server-TC-780:~/development/Spotlight-IoT-GCP$ npm run start-all

> spotlight-2.1@1.0.0 start-all
> export COMPOSE_PROFILES=db,tb,be,fe,pi && docker-compose up

Creating network "spotlight-iot-gcp_default" with the default driver
Creating volume "spotlight-iot-gcp_db-data" with local driver
Creating volume "spotlight-iot-gcp_tb-data" with local driver
Creating volume "spotlight-iot-gcp_tb-logs" with local driver
Creating volume "spotlight-iot-gcp_thingsboard" with local driver
Creating pi           ... done
Creating spotlight-be ... done
Creating spotlight-db ... done
Creating thingsboard  ... done
Creating spotlight-fe ... done
Attaching to spotlight-db, pi, spotlight-be, spotlight-fe, thingsboard
spotlight-be    | 
spotlight-be    | > spotlight-paas-flow-diagram@1.0.0 prestart /usr/app
spotlight-be    | > npm install
spotlight-be    | 
spotlight-db    | The files belonging to this database system will be owned by user "postgres".
spotlight-db    | This user must also own the server process.
spotlight-db    | 
pi exited with code 0
thingsboard     | The files belonging to this database system will be owned by user "thingsboard".
thingsboard     | This user must also own the server process.
thingsboard     | 
thingsboard     | The database cluster will be initialized with locale "C.UTF-8".
thingsboard     | The default database encoding has accordingly been set to "UTF8".
thingsboard     | The default text search configuration will be set to "english".
thingsboard     | 
thingsboard     | Data page checksums are disabled.
thingsboard     | 
spotlight-db    | The database cluster will be initialized with locale "en_US.utf8".
spotlight-db    | The default database encoding has accordingly been set to "UTF8".
spotlight-db    | The default text search configuration will be set to "english".
spotlight-db    | 
spotlight-db    | Data page checksums are disabled.
spotlight-fe    | 
spotlight-fe    | > diagrambuilder@0.1.0 start
spotlight-fe    | > react-scripts-ts start
spotlight-fe    | 
thingsboard     | fixing permissions on existing directory /data/db ... ok
spotlight-db    | 
spotlight-be    | npm WARN read-shrinkwrap This version of npm is compatible with lockfileVersion@1, but package-lock.json was generated for lockfileVersion@2. I'll try to do my best with it!
spotlight-db    | fixing permissions on existing directory /var/lib/postgresql/data ... ok
thingsboard     | creating subdirectories ... ok
thingsboard     | selecting dynamic shared memory implementation ... posix
spotlight-db    | creating subdirectories ... ok
thingsboard     | selecting default max_connections ... 100
thingsboard     | selecting default shared_buffers ... 128MB
spotlight-db    | selecting dynamic shared memory implementation ... posix
thingsboard     | selecting default time zone ... Etc/UTC
spotlight-db    | selecting default max_connections ... 100
thingsboard     | creating configuration files ... ok
thingsboard     | running bootstrap script ... ok
spotlight-db    | selecting default shared_buffers ... 128MB
spotlight-db    | selecting default time zone ... Etc/UTC
spotlight-db    | creating configuration files ... ok
spotlight-db    | running bootstrap script ... ok
spotlight-db    | performing post-bootstrap initialization ... ok
spotlight-db    | syncing data to disk ... ok
spotlight-db    | 
spotlight-db    | 
spotlight-db    | Success. You can now start the database server using:
spotlight-db    | 
spotlight-db    |     pg_ctl -D /var/lib/postgresql/data -l logfile start
spotlight-db    | 
spotlight-db    | initdb: warning: enabling "trust" authentication for local connections
spotlight-db    | You can change this by editing pg_hba.conf or using the option -A, or
spotlight-db    | --auth-local and --auth-host, the next time you run initdb.
spotlight-db    | waiting for server to start....2023-02-23 16:05:19.489 UTC [48] LOG:  starting PostgreSQL 12.13 (Debian 12.13-1.pgdg110+1) on x86_64-pc-linux-gnu, compiled by gcc (Debian 10.2.1-6) 10.2.1 20210110, 64-bit
spotlight-db    | 2023-02-23 16:05:19.567 UTC [48] LOG:  listening on Unix socket "/var/run/postgresql/.s.PGSQL.5432"
spotlight-db    | 2023-02-23 16:05:19.907 UTC [49] LOG:  database system was shut down at 2023-02-23 16:05:15 UTC
spotlight-db    | 2023-02-23 16:05:19.965 UTC [48] LOG:  database system is ready to accept connections
spotlight-db    |  done
spotlight-db    | server started
spotlight-db    | 
spotlight-db    | /usr/local/bin/docker-entrypoint.sh: sourcing /docker-entrypoint-initdb.d/init_db.sh
spotlight-db    | Initializing database for Thingsboard and spotlight
spotlight-db    | CREATE ROLE
thingsboard     | performing post-bootstrap initialization ... ok
spotlight-fe    | (node:26) [DEP0111] DeprecationWarning: Access to process.binding('http_parser') is deprecated.
spotlight-fe    | (Use `node --trace-deprecation ...` to show where the warning was created)
spotlight-fe    | Starting type checking and linting service...
spotlight-fe    | Using 1 worker with 2048MB memory limit
spotlight-fe    | Watching: /usr/app/src
spotlight-fe    | Starting the development server...
spotlight-fe    | 
spotlight-fe    | ts-loader: Using typescript@3.9.10 and /usr/app/tsconfig.json
spotlight-db    | CREATE DATABASE
spotlight-db    | GRANT
spotlight-db    | ALTER ROLE
spotlight-db    | You are now connected to database "thingsboard" as user "thingsboard".
spotlight-db    |  line_number | type |   database    | user_name |  address  |     netmask     | auth_method | options | error 
spotlight-db    | -------------+------+---------------+-----------+-----------+-----------------+-------------+---------+-------
spotlight-db    |           90 | host | {all}         | {all}     | 127.0.0.1 | 255.255.255.255 | trust       |         | 
spotlight-db    |           96 | host | {replication} | {all}     | 127.0.0.1 | 255.255.255.255 | trust       |         | 
spotlight-db    | (2 rows)
spotlight-db    | 
spotlight-db    | 
spotlight-db    | 2023-02-23 16:05:21.557 UTC [48] LOG:  received fast shutdown request
spotlight-db    | waiting for server to shut down....2023-02-23 16:05:21.608 UTC [48] LOG:  aborting any active transactions
spotlight-db    | 2023-02-23 16:05:21.610 UTC [48] LOG:  background worker "logical replication launcher" (PID 55) exited with exit code 1
spotlight-db    | 2023-02-23 16:05:21.610 UTC [50] LOG:  shutting down
spotlight-db    | 2023-02-23 16:05:21.949 UTC [48] LOG:  database system is shut down
spotlight-db    |  done
spotlight-db    | server stopped
spotlight-db    | 
spotlight-db    | PostgreSQL init process complete; ready for start up.
spotlight-db    | 
spotlight-db    | 2023-02-23 16:05:22.010 UTC [1] LOG:  starting PostgreSQL 12.13 (Debian 12.13-1.pgdg110+1) on x86_64-pc-linux-gnu, compiled by gcc (Debian 10.2.1-6) 10.2.1 20210110, 64-bit
spotlight-db    | 2023-02-23 16:05:22.010 UTC [1] LOG:  listening on IPv4 address "0.0.0.0", port 5432
spotlight-db    | 2023-02-23 16:05:22.010 UTC [1] LOG:  listening on IPv6 address "::", port 5432
spotlight-db    | 2023-02-23 16:05:22.099 UTC [1] LOG:  listening on Unix socket "/var/run/postgresql/.s.PGSQL.5432"
spotlight-db    | 2023-02-23 16:05:22.273 UTC [78] LOG:  database system was shut down at 2023-02-23 16:05:21 UTC
spotlight-db    | 2023-02-23 16:05:22.348 UTC [1] LOG:  database system is ready to accept connections
spotlight-be    | audited 254 packages in 5.605s
thingsboard     | syncing data to disk ... initdb: warning: enabling "trust" authentication for local connections
thingsboard     | You can change this by editing pg_hba.conf or using the option -A, or
thingsboard     | --auth-local and --auth-host, the next time you run initdb.
thingsboard     | ok
thingsboard     | 
thingsboard     | 
thingsboard     | Success. You can now start the database server using:
thingsboard     | 
thingsboard     |     /usr/lib/postgresql/12/bin/pg_ctl -D /data/db -l logfile start
thingsboard     | 
thingsboard     | Starting Postgresql...
spotlight-be    | 
spotlight-be    | 8 packages are looking for funding
spotlight-be    |   run `npm fund` for details
spotlight-be    | 
spotlight-be    | found 25 vulnerabilities (2 low, 9 moderate, 12 high, 2 critical)
spotlight-be    |   run `npm audit fix` to fix them, or `npm audit` for details
thingsboard     | waiting for server to start....2023-02-23 16:05:22.602 UTC [30] LOG:  starting PostgreSQL 12.13 (Debian 12.13-1.pgdg110+1) on x86_64-pc-linux-gnu, compiled by gcc (Debian 10.2.1-6) 10.2.1 20210110, 64-bit
thingsboard     | 2023-02-23 16:05:22.602 UTC [30] LOG:  listening on IPv4 address "127.0.0.1", port 5432
thingsboard     | 2023-02-23 16:05:22.602 UTC [30] LOG:  could not bind IPv6 address "::1": Cannot assign requested address
thingsboard     | 2023-02-23 16:05:22.602 UTC [30] HINT:  Is another postmaster already running on port 5432? If not, wait a few seconds and retry.
spotlight-be    | 
spotlight-be    | > spotlight-paas-flow-diagram@1.0.0 start /usr/app
spotlight-be    | > node index.js
spotlight-be    | 
thingsboard     | 2023-02-23 16:05:22.747 UTC [30] LOG:  listening on Unix socket "/var/run/postgresql/.s.PGSQL.5432"
thingsboard     | 2023-02-23 16:05:22.927 UTC [31] LOG:  database system was shut down at 2023-02-23 16:05:20 UTC
thingsboard     | 2023-02-23 16:05:22.985 UTC [30] LOG:  database system is ready to accept connections
thingsboard     |  done
thingsboard     | server started
thingsboard     | Creating database...
spotlight-be    | Your server is listening on port 8080 (http://localhost:8080)
spotlight-be    | Swagger-ui is available on http://localhost:8080/docs
thingsboard     | CREATE DATABASE
thingsboard     | Postgresql is ready
thingsboard     | Starting ThingsBoard installation ...
thingsboard     | [0.003s][warning][logging] Output options for existing outputs are ignored.
thingsboard     |   ______    __      _                              ____                               __
thingsboard     |  /_  __/   / /_    (_)   ____    ____ _   _____   / __ )  ____   ____ _   _____  ____/ /
thingsboard     |   / /     / __ \  / /   / __ \  / __ `/  / ___/  / __  | / __ \ / __ `/  / ___/ / __  /
thingsboard     |  / /     / / / / / /   / / / / / /_/ /  (__  )  / /_/ / / /_/ // /_/ /  / /    / /_/ /
thingsboard     | /_/     /_/ /_/ /_/   /_/ /_/  \__, /  /____/  /_____/  \____/ \__,_/  /_/     \__,_/
thingsboard     |                               /____/
thingsboard     | 
thingsboard     |  ===================================================
thingsboard     |  :: ThingsBoard ::       (v3.4.3)
thingsboard     |  ===================================================
thingsboard     | 
spotlight-fe    | Compiled successfully!
spotlight-fe    | 
spotlight-fe    | You can now view diagrambuilder in the browser.
spotlight-fe    | 
spotlight-fe    |   Local:            http://localhost:3000/
spotlight-fe    |   On Your Network:  http://172.22.0.5:3000/
spotlight-fe    | 
spotlight-fe    | Note that the development build is not optimized.
spotlight-fe    | To create a production build, use npm run build.
spotlight-fe    | 
thingsboard     | Starting ThingsBoard Installation...
thingsboard     | Installing DataBase schema for entities...
thingsboard     | Installing SQL DataBase schema part: schema-entities.sql
thingsboard     | Installing SQL DataBase schema indexes part: schema-entities-idx.sql
thingsboard     | Installing SQL DataBase schema PostgreSQL specific indexes part: schema-entities-idx-psql-addon.sql
thingsboard     | Installing DataBase schema for timeseries...
thingsboard     | Installing SQL DataBase schema part: schema-ts-psql.sql
thingsboard     | Successfully executed query: CREATE TABLE IF NOT EXISTS ts_kv_indefinite PARTITION OF ts_kv DEFAULT;
thingsboard     | Loading system data...
thingsboard     | Loading demo data...
thingsboard     | Installation finished successfully!
thingsboard     | Starting ThingsBoard ...
thingsboard     |   ______    __      _                              ____                               __
thingsboard     |  /_  __/   / /_    (_)   ____    ____ _   _____   / __ )  ____   ____ _   _____  ____/ /
thingsboard     |   / /     / __ \  / /   / __ \  / __ `/  / ___/  / __  | / __ \ / __ `/  / ___/ / __  /
thingsboard     |  / /     / / / / / /   / / / / / /_/ /  (__  )  / /_/ / / /_/ // /_/ /  / /    / /_/ /
thingsboard     | /_/     /_/ /_/ /_/   /_/ /_/  \__, /  /____/  /_____/  \____/ \__,_/  /_/     \__,_/
thingsboard     |                               /____/
thingsboard     | 
thingsboard     |  ===================================================
thingsboard     |  :: ThingsBoard ::       (v3.4.3)
thingsboard     |  ===================================================
thingsboard     | 
thingsboard     | 2023-02-23 16:06:01,302 [background-preinit] INFO  o.h.validator.internal.util.Version - HV000001: Hibernate Validator 6.0.20.Final
thingsboard     | 2023-02-23 16:06:01,339 [main] INFO  o.t.s.ThingsboardServerApplication - Starting ThingsboardServerApplication v3.4.3 using Java 11.0.16 on 339a3e0651eb with PID 143 (/usr/share/thingsboard/bin/thingsboard.jar started by thingsboard in /)
thingsboard     | 2023-02-23 16:06:01,340 [main] INFO  o.t.s.ThingsboardServerApplication - No active profile set, falling back to 1 default profile: "default"
thingsboard     | 2023-02-23 16:06:04,043 [main] INFO  o.s.d.r.c.RepositoryConfigurationDelegate - Multiple Spring Data modules found, entering strict repository configuration mode!
thingsboard     | 2023-02-23 16:06:04,043 [main] INFO  o.s.d.r.c.RepositoryConfigurationDelegate - Bootstrapping Spring Data JPA repositories in DEFAULT mode.
thingsboard     | 2023-02-23 16:06:04,528 [main] INFO  o.s.d.r.c.RepositoryConfigurationDelegate - Finished Spring Data repository scanning in 475 ms. Found 45 JPA repository interfaces.
thingsboard     | 2023-02-23 16:06:04,530 [main] INFO  o.s.d.r.c.RepositoryConfigurationDelegate - Multiple Spring Data modules found, entering strict repository configuration mode!
thingsboard     | 2023-02-23 16:06:04,530 [main] INFO  o.s.d.r.c.RepositoryConfigurationDelegate - Bootstrapping Spring Data JPA repositories in DEFAULT mode.
thingsboard     | 2023-02-23 16:06:04,543 [main] INFO  o.s.d.r.c.RepositoryConfigurationDelegate - Finished Spring Data repository scanning in 12 ms. Found 1 JPA repository interfaces.
thingsboard     | 2023-02-23 16:06:04,544 [main] INFO  o.s.d.r.c.RepositoryConfigurationDelegate - Multiple Spring Data modules found, entering strict repository configuration mode!
thingsboard     | 2023-02-23 16:06:04,545 [main] INFO  o.s.d.r.c.RepositoryConfigurationDelegate - Bootstrapping Spring Data JPA repositories in DEFAULT mode.
thingsboard     | 2023-02-23 16:06:04,566 [main] INFO  o.s.d.r.c.RepositoryConfigurationDelegate - Finished Spring Data repository scanning in 21 ms. Found 1 JPA repository interfaces.
thingsboard     | 2023-02-23 16:06:04,568 [main] INFO  o.s.d.r.c.RepositoryConfigurationDelegate - Multiple Spring Data modules found, entering strict repository configuration mode!
thingsboard     | 2023-02-23 16:06:04,568 [main] INFO  o.s.d.r.c.RepositoryConfigurationDelegate - Bootstrapping Spring Data JPA repositories in DEFAULT mode.
thingsboard     | 2023-02-23 16:06:04,585 [main] INFO  o.s.d.r.c.RepositoryConfigurationDelegate - Finished Spring Data repository scanning in 17 ms. Found 1 JPA repository interfaces.
thingsboard     | 2023-02-23 16:06:05,316 [main] INFO  o.s.i.c.DefaultConfiguringBeanFactoryPostProcessor - No bean named 'errorChannel' has been explicitly defined. Therefore, a default PublishSubscribeChannel will be created.
thingsboard     | 2023-02-23 16:06:05,334 [main] INFO  o.s.i.c.DefaultConfiguringBeanFactoryPostProcessor - No bean named 'integrationHeaderChannelRegistry' has been explicitly defined. Therefore, a default DefaultHeaderChannelRegistry will be created.
thingsboard     | 2023-02-23 16:06:06,017 [main] INFO  o.s.c.s.PostProcessorRegistrationDelegate$BeanPostProcessorChecker - Bean 'org.springframework.integration.config.IntegrationManagementConfiguration' of type [org.springframework.integration.config.IntegrationManagementConfiguration] is not eligible for getting processed by all BeanPostProcessors (for example: not eligible for auto-proxying)
thingsboard     | 2023-02-23 16:06:06,036 [main] INFO  o.s.c.s.PostProcessorRegistrationDelegate$BeanPostProcessorChecker - Bean 'integrationChannelResolver' of type [org.springframework.integration.support.channel.BeanFactoryChannelResolver] is not eligible for getting processed by all BeanPostProcessors (for example: not eligible for auto-proxying)
thingsboard     | 2023-02-23 16:06:06,205 [main] INFO  o.t.s.q.d.DefaultTbServiceInfoProvider - Current Service ID: 339a3e0651eb
thingsboard     | 2023-02-23 16:06:06,668 [main] INFO  o.h.jpa.internal.util.LogHelper - HHH000204: Processing PersistenceUnitInfo [name: default]
thingsboard     | 2023-02-23 16:06:06,754 [main] INFO  org.hibernate.Version - HHH000412: Hibernate ORM core version 5.6.9.Final
thingsboard     | 2023-02-23 16:06:07,009 [main] INFO  o.h.annotations.common.Version - HCANN000001: Hibernate Commons Annotations {5.1.2.Final}
thingsboard     | 2023-02-23 16:06:07,158 [main] INFO  com.zaxxer.hikari.HikariDataSource - HikariPool-1 - Starting...
thingsboard     | 2023-02-23 16:06:07,259 [main] INFO  com.zaxxer.hikari.HikariDataSource - HikariPool-1 - Start completed.
thingsboard     | 2023-02-23 16:06:07,298 [main] INFO  org.hibernate.dialect.Dialect - HHH000400: Using dialect: org.hibernate.dialect.PostgreSQL10Dialect
thingsboard     | 2023-02-23 16:06:08,613 [main] INFO  o.h.e.t.j.p.i.JtaPlatformInitiator - HHH000490: Using JtaPlatform implementation: [org.hibernate.engine.transaction.jta.platform.internal.NoJtaPlatform]
thingsboard     | 2023-02-23 16:06:08,643 [main] INFO  o.s.o.j.LocalContainerEntityManagerFactoryBean - Initialized JPA EntityManagerFactory for persistence unit 'default'
thingsboard     | WARNING: An illegal reflective access operation has occurred
thingsboard     | WARNING: Illegal reflective access by org.nustaq.serialization.FSTClazzInfo (jar:file:/usr/share/thingsboard/bin/thingsboard.jar!/BOOT-INF/lib/fst-2.57.jar!/) to field java.lang.String.value
thingsboard     | WARNING: Please consider reporting this to the maintainers of org.nustaq.serialization.FSTClazzInfo
thingsboard     | WARNING: Use --illegal-access=warn to enable warnings of further illegal reflective access operations
thingsboard     | WARNING: All illegal access operations will be denied in a future release
thingsboard     | 2023-02-23 16:06:11,801 [main] INFO  o.s.b.w.e.tomcat.TomcatWebServer - Tomcat initialized with port(s): 9090 (http)
thingsboard     | 2023-02-23 16:06:11,811 [main] INFO  o.a.coyote.http11.Http11NioProtocol - The ["http-nio-0.0.0.0-9090"] connector has been configured to support HTTP upgrade to [h2c]
thingsboard     | 2023-02-23 16:06:11,811 [main] INFO  o.a.coyote.http11.Http11NioProtocol - Initializing ProtocolHandler ["http-nio-0.0.0.0-9090"]
thingsboard     | 2023-02-23 16:06:11,812 [main] INFO  o.a.catalina.core.StandardService - Starting service [Tomcat]
thingsboard     | 2023-02-23 16:06:11,813 [main] INFO  o.a.catalina.core.StandardEngine - Starting Servlet engine: [Apache Tomcat/9.0.63]
thingsboard     | 2023-02-23 16:06:11,891 [main] INFO  o.a.c.c.C.[Tomcat].[localhost].[/] - Initializing Spring embedded WebApplicationContext
thingsboard     | 2023-02-23 16:06:11,891 [main] INFO  o.s.b.w.s.c.ServletWebServerApplicationContext - Root WebApplicationContext: initialization completed in 10494 ms
thingsboard     | 2023-02-23 16:06:13,150 [main] INFO  o.t.s.s.a.DefaultTbApiUsageStateService - Starting api usage service.
thingsboard     | 2023-02-23 16:06:13,155 [main] INFO  o.t.s.s.a.DefaultTbApiUsageStateService - Started api usage service.
thingsboard     | 2023-02-23 16:06:13,243 [main] INFO  o.t.s.d.a.CachedAttributesService - Going to use directExecutor for the local cache type caffeine
thingsboard     | 2023-02-23 16:06:14,806 [main] INFO  d.n.internal.NashornDetection - Delight-nashorn-sandbox detected that JDK Nashorn is present and standalone Nashorn is absent, and will use JDK Nashorn
thingsboard     | Warning: Nashorn engine is planned to be removed from a future JDK release
thingsboard     | 2023-02-23 16:06:15,301 [main] INFO  o.t.s.c.t.c.ssl.SslCredentialsConfig - LWM2M Server DTLS Credentials: Skipping initialization of disabled SSL credentials.
thingsboard     | 2023-02-23 16:06:15,305 [main] INFO  o.t.s.c.t.c.ssl.SslCredentialsConfig - LWM2M Trust Credentials: Skipping initialization of disabled SSL credentials.
thingsboard     | 2023-02-23 16:06:15,315 [main] INFO  o.t.s.c.t.c.ssl.SslCredentialsConfig - LWM2M Bootstrap DTLS Credentials: Skipping initialization of disabled SSL credentials.
thingsboard     | 2023-02-23 16:06:15,390 [main] INFO  o.t.s.s.edge.rpc.EdgeGrpcService - Initializing Edge RPC service!
thingsboard     | 2023-02-23 16:06:15,645 [main] INFO  o.t.s.s.edge.rpc.EdgeGrpcService - Going to start Edge RPC server using port: 7070
thingsboard     | 2023-02-23 16:06:15,782 [main] INFO  o.t.s.s.edge.rpc.EdgeGrpcService - Edge RPC service initialized!
thingsboard     | 2023-02-23 16:06:15,994 [main] INFO  o.t.s.a.service.DefaultActorService - Initializing actor system.
thingsboard     | 2023-02-23 16:06:16,003 [main] INFO  o.t.s.a.service.DefaultActorService - Actor system initialized.
thingsboard     | 2023-02-23 16:06:16,339 [main] INFO  o.t.s.c.SystemInfoController - System build info: {"version":"3.4.3","artifact":"application","name":"ThingsBoard Server Application"}
thingsboard     | 2023-02-23 16:06:16,435 [main] INFO  o.t.s.c.t.a.JsonConverterConfig - JSON type cast enabled = true
thingsboard     | 2023-02-23 16:06:16,436 [main] INFO  o.t.s.c.t.a.JsonConverterConfig - JSON max string value length = 0
thingsboard     | 2023-02-23 16:06:16,468 [main] INFO  o.t.s.t.mqtt.MqttTransportService - Setting resource leak detector level to DISABLED
thingsboard     | 2023-02-23 16:06:16,468 [main] INFO  o.t.s.t.mqtt.MqttTransportService - Starting MQTT transport...
thingsboard     | 2023-02-23 16:06:16,508 [main] INFO  o.t.s.t.mqtt.MqttTransportService - Mqtt transport started!
thingsboard     | 2023-02-23 16:06:16,534 [main] INFO  o.e.c.elements.config.Configuration - defaults added COAP.
thingsboard     | 2023-02-23 16:06:16,541 [main] INFO  o.e.c.elements.config.Configuration - defaults added UDP.
thingsboard     | 2023-02-23 16:06:16,542 [main] INFO  o.e.c.c.network.RandomTokenGenerator - using tokens of 8 bytes in length
thingsboard     | 2023-02-23 16:06:16,555 [main] INFO  org.eclipse.californium.ban - Started.
thingsboard     | 2023-02-23 16:06:16,557 [main] INFO  o.e.c.core.network.CoapEndpoint - coap CoapEndpoint uses udp context
thingsboard     | 2023-02-23 16:06:16,566 [main] INFO  o.e.c.elements.config.Configuration - defaults added SYS.
thingsboard     | 2023-02-23 16:06:16,566 [main] INFO  o.e.c.c.network.stack.BlockwiseLayer - coap BlockwiseLayer uses MAX_MESSAGE_SIZE=1024, PREFERRED_BLOCK_SIZE=1024, BLOCKWISE_STATUS_LIFETIME=300000, MAX_RESOURCE_BODY_SIZE=268435456, BLOCKWISE_STRICT_BLOCK2_OPTION=true
thingsboard     | 2023-02-23 16:06:16,574 [main] INFO  o.e.californium.core.CoapServer - Starting server
thingsboard     | 2023-02-23 16:06:16,582 [main] INFO  o.e.c.elements.UDPConnector - UDPConnector starts up 1 sender threads and 1 receiver threads
thingsboard     | 2023-02-23 16:06:16,585 [main] INFO  o.e.c.elements.UDPConnector - UDPConnector listening on 0.0.0.0/0.0.0.0:5683, recv buf = 106496, send buf = 106496, recv packet size = 2048
thingsboard     | 2023-02-23 16:06:16,586 [main] INFO  o.e.c.core.network.CoapEndpoint - coap Started endpoint at coap://0.0.0.0:5683
thingsboard     | 2023-02-23 16:06:16,605 [main] INFO  o.t.s.t.coap.CoapTransportService - Starting CoAP transport...
thingsboard     | 2023-02-23 16:06:16,609 [main] INFO  o.t.s.t.coap.CoapTransportService - CoAP transport started!
thingsboard     | 2023-02-23 16:06:16,752 [main] INFO  o.e.c.elements.util.JceProviderUtil - Loaded net.i2p.crypto.eddsa.EdDSASecurityProvider
thingsboard     | 2023-02-23 16:06:16,786 [main] INFO  o.t.s.t.l.b.LwM2MTransportBootstrapService - Starting LwM2M transport bootstrap server...
thingsboard     | 2023-02-23 16:06:16,941 [main] INFO  o.e.c.elements.config.Configuration - defaults added DTLS.
thingsboard     | 2023-02-23 16:06:16,941 [main] INFO  o.t.s.t.l.b.LwM2MTransportBootstrapService - Unable to load X509 files for BootStrap Server
thingsboard     | 2023-02-23 16:06:17,029 [main] WARN  o.e.l.s.c.b.LeshanBootstrapServerBuilder - configStore is set but you also provide a custom SessionManager so this store will not be used
thingsboard     | 2023-02-23 16:06:17,091 [main] INFO  o.e.c.c.network.RandomTokenGenerator - using tokens of 8 bytes in length
thingsboard     | 2023-02-23 16:06:17,091 [main] INFO  o.e.c.core.network.CoapEndpoint - [LWM2M BS Server-coap://] CoapEndpoint uses udp context
thingsboard     | 2023-02-23 16:06:17,091 [main] INFO  o.e.c.c.network.stack.BlockwiseLayer - [LWM2M BS Server-coap://] BlockwiseLayer uses MAX_MESSAGE_SIZE=1024, PREFERRED_BLOCK_SIZE=1024, BLOCKWISE_STATUS_LIFETIME=300000, MAX_RESOURCE_BODY_SIZE=268435456, BLOCKWISE_STRICT_BLOCK2_OPTION=true
thingsboard     | 2023-02-23 16:06:17,106 [main] INFO  o.e.c.s.dtls.InMemoryConnectionStore - Created new InMemoryConnectionStore [capacity: 150000, connection expiration threshold: 1800s]
thingsboard     | 2023-02-23 16:06:17,107 [main] INFO  o.e.c.c.network.RandomTokenGenerator - using tokens of 8 bytes in length
thingsboard     | 2023-02-23 16:06:17,107 [main] INFO  o.e.c.core.network.CoapEndpoint - [LWM2M BS Server-coaps://] CoapEndpoint uses lwm2m correlation
thingsboard     | 2023-02-23 16:06:17,108 [main] INFO  o.e.c.c.network.stack.BlockwiseLayer - [LWM2M BS Server-coaps://] BlockwiseLayer uses MAX_MESSAGE_SIZE=1024, PREFERRED_BLOCK_SIZE=1024, BLOCKWISE_STATUS_LIFETIME=300000, MAX_RESOURCE_BODY_SIZE=268435456, BLOCKWISE_STRICT_BLOCK2_OPTION=true
thingsboard     | 2023-02-23 16:06:17,113 [main] INFO  o.e.californium.core.CoapServer - Starting server
thingsboard     | 2023-02-23 16:06:17,115 [main] INFO  o.e.c.elements.UDPConnector - UDPConnector starts up 2 sender threads and 2 receiver threads
thingsboard     | 2023-02-23 16:06:17,115 [main] INFO  o.e.c.elements.UDPConnector - UDPConnector listening on 0.0.0.0/0.0.0.0:5687, recv buf = 106496, send buf = 106496, recv packet size = 2048
thingsboard     | 2023-02-23 16:06:17,115 [main] INFO  o.e.c.core.network.CoapEndpoint - [LWM2M BS Server-coap://] Started endpoint at coap://0.0.0.0:5687
thingsboard     | 2023-02-23 16:06:17,116 [main] INFO  o.e.c.scandium.DTLSConnector - multiple network interfaces, using smallest MTU [IPv4 1500, IPv6 1280]
thingsboard     | 2023-02-23 16:06:17,118 [main] INFO  o.e.c.scandium.DTLSConnector - DTLSConnector listening on 0.0.0.0/0.0.0.0:5688, recv buf = 106496, send buf = 106496, recv packet size = 16490, MTU = IPv4 1500 / IPv6 1280
thingsboard     | 2023-02-23 16:06:17,118 [DTLS-Receiver-0-0.0.0.0/0.0.0.0:5688] INFO  o.e.c.scandium.DTLSConnector - Starting worker thread [DTLS-Receiver-0-0.0.0.0/0.0.0.0:5688]
thingsboard     | 2023-02-23 16:06:17,118 [main] INFO  o.e.c.core.network.CoapEndpoint - [LWM2M BS Server-coaps://] Started endpoint at coaps://0.0.0.0:5688
thingsboard     | 2023-02-23 16:06:17,118 [main] INFO  o.e.l.s.c.b.LeshanBootstrapServer - Bootstrap server started at coap://0.0.0.0/0.0.0.0:5687 coaps://0.0.0.0/0.0.0.0:5688
thingsboard     | 2023-02-23 16:06:17,119 [main] INFO  o.t.s.t.l.b.LwM2MTransportBootstrapService - Started LwM2M transport bootstrap server.
thingsboard     | 2023-02-23 16:06:17,167 [main] INFO  o.t.s.t.s.s.SnmpTransportService - SNMP transport service initialized
thingsboard     | 2023-02-23 16:06:17,184 [main] INFO  o.t.s.q.e.EnvironmentLogService - ThingsBoard server environment: zookeeper.version=3.5.5-390fe37ea45dee01bf87dc1c042b5e3dcce88653, built on 05/03/2019 12:07 GMT
thingsboard     | 2023-02-23 16:06:17,184 [main] INFO  o.t.s.q.e.EnvironmentLogService - ThingsBoard server environment: host.name=339a3e0651eb
thingsboard     | 2023-02-23 16:06:17,184 [main] INFO  o.t.s.q.e.EnvironmentLogService - ThingsBoard server environment: java.version=11.0.16
thingsboard     | 2023-02-23 16:06:17,184 [main] INFO  o.t.s.q.e.EnvironmentLogService - ThingsBoard server environment: java.vendor=Debian
thingsboard     | 2023-02-23 16:06:17,184 [main] INFO  o.t.s.q.e.EnvironmentLogService - ThingsBoard server environment: java.home=/usr/lib/jvm/java-11-openjdk-amd64
thingsboard     | 2023-02-23 16:06:17,184 [main] INFO  o.t.s.q.e.EnvironmentLogService - ThingsBoard server environment: java.class.path=/usr/share/thingsboard/bin/thingsboard.jar
thingsboard     | 2023-02-23 16:06:17,184 [main] INFO  o.t.s.q.e.EnvironmentLogService - ThingsBoard server environment: java.library.path=/usr/java/packages/lib:/usr/lib/x86_64-linux-gnu/jni:/lib/x86_64-linux-gnu:/usr/lib/x86_64-linux-gnu:/usr/lib/jni:/lib:/usr/lib
thingsboard     | 2023-02-23 16:06:17,184 [main] INFO  o.t.s.q.e.EnvironmentLogService - ThingsBoard server environment: java.io.tmpdir=/tmp
thingsboard     | 2023-02-23 16:06:17,184 [main] INFO  o.t.s.q.e.EnvironmentLogService - ThingsBoard server environment: java.compiler=<NA>
thingsboard     | 2023-02-23 16:06:17,184 [main] INFO  o.t.s.q.e.EnvironmentLogService - ThingsBoard server environment: os.name=Linux
thingsboard     | 2023-02-23 16:06:17,184 [main] INFO  o.t.s.q.e.EnvironmentLogService - ThingsBoard server environment: os.arch=amd64
thingsboard     | 2023-02-23 16:06:17,184 [main] INFO  o.t.s.q.e.EnvironmentLogService - ThingsBoard server environment: os.version=5.15.0-57-generic
thingsboard     | 2023-02-23 16:06:17,184 [main] INFO  o.t.s.q.e.EnvironmentLogService - ThingsBoard server environment: user.name=thingsboard
thingsboard     | 2023-02-23 16:06:17,184 [main] INFO  o.t.s.q.e.EnvironmentLogService - ThingsBoard server environment: user.home=/home/thingsboard
thingsboard     | 2023-02-23 16:06:17,184 [main] INFO  o.t.s.q.e.EnvironmentLogService - ThingsBoard server environment: user.dir=/
thingsboard     | 2023-02-23 16:06:17,185 [main] INFO  o.t.s.q.e.EnvironmentLogService - ThingsBoard server environment: os.memory.free=405MB
thingsboard     | 2023-02-23 16:06:17,185 [main] INFO  o.t.s.q.e.EnvironmentLogService - ThingsBoard server environment: os.memory.max=3990MB
thingsboard     | 2023-02-23 16:06:17,185 [main] INFO  o.t.s.q.e.EnvironmentLogService - ThingsBoard server environment: os.memory.total=722MB
thingsboard     | 2023-02-23 16:06:17,647 [main] INFO  o.s.b.a.e.web.EndpointLinksResolver - Exposing 1 endpoint(s) beneath base path '/actuator'
thingsboard     | 2023-02-23 16:06:18,104 [main] INFO  o.s.s.web.DefaultSecurityFilterChain - Will secure Or [Ant [pattern='/*.js'], Ant [pattern='/*.css'], Ant [pattern='/*.ico'], Ant [pattern='/assets/**'], Ant [pattern='/static/**']] with [org.springframework.security.web.context.request.async.WebAsyncManagerIntegrationFilter@6809a461, org.springframework.security.web.header.HeaderWriterFilter@133e7789, org.springframework.security.web.csrf.CsrfFilter@5cbf423b, org.springframework.security.web.authentication.logout.LogoutFilter@6dad684f, org.springframework.security.web.servletapi.SecurityContextHolderAwareRequestFilter@62f47cac, org.springframework.security.web.authentication.AnonymousAuthenticationFilter@21440e36, org.springframework.security.web.access.ExceptionTranslationFilter@5f18a661, org.springframework.security.web.access.intercept.AuthorizationFilter@21f134a2]
thingsboard     | 2023-02-23 16:06:18,215 [main] INFO  o.s.s.web.DefaultSecurityFilterChain - Will secure any request with [org.springframework.security.web.session.DisableEncodeUrlFilter@6fab0d15, org.springframework.security.web.context.request.async.WebAsyncManagerIntegrationFilter@4606e1a6, org.springframework.security.web.context.SecurityContextPersistenceFilter@74af4b0, org.springframework.security.web.header.HeaderWriterFilter@72b88762, org.springframework.web.filter.CorsFilter@44cab872, org.springframework.security.web.authentication.logout.LogoutFilter@5a77e0e4, org.springframework.security.oauth2.client.web.OAuth2AuthorizationRequestRedirectFilter@478d1193, org.springframework.security.oauth2.client.web.OAuth2LoginAuthenticationFilter@2a03b87, org.thingsboard.server.service.security.auth.rest.RestLoginProcessingFilter@59172d2, org.thingsboard.server.service.security.auth.rest.RestPublicLoginProcessingFilter@77d42ed7, org.thingsboard.server.service.security.auth.jwt.JwtTokenAuthenticationProcessingFilter@69a8617c, org.thingsboard.server.service.security.auth.jwt.RefreshTokenProcessingFilter@54da736e, org.thingsboard.server.service.security.auth.jwt.JwtTokenAuthenticationProcessingFilter@23307c6c, org.thingsboard.server.config.RateLimitProcessingFilter@66a50c93, org.springframework.security.web.savedrequest.RequestCacheAwareFilter@bf3aa52, org.springframework.security.web.servletapi.SecurityContextHolderAwareRequestFilter@45bb5862, org.springframework.security.web.authentication.AnonymousAuthenticationFilter@6ad703cd, org.springframework.security.web.session.SessionManagementFilter@2b85fc, org.springframework.security.web.access.ExceptionTranslationFilter@3b93d874, org.springframework.security.web.access.intercept.FilterSecurityInterceptor@521d455c]
thingsboard     | 2023-02-23 16:06:18,446 [main] INFO  o.s.b.a.w.s.WelcomePageHandlerMapping - Adding welcome page: class path resource [public/index.html]
thingsboard     | 2023-02-23 16:06:19,000 [app-dispatcher-50-thread-1] INFO  o.t.server.actors.app.AppActor - Starting main system actor.
thingsboard     | 2023-02-23 16:06:19,027 [app-dispatcher-50-thread-1] INFO  o.t.server.actors.app.AppActor - Main system actor started.
thingsboard     | 2023-02-23 16:06:19,028 [app-dispatcher-50-thread-1] WARN  o.t.server.actors.app.AppActor - Rule Chains initialized by unexpected message: org.thingsboard.server.actors.device.SessionTimeoutCheckMsg@722a0fba
thingsboard     | 2023-02-23 16:06:19,105 [main] INFO  o.s.i.endpoint.EventDrivenConsumer - Adding {logging-channel-adapter:_org.springframework.integration.errorLogger} as a subscriber to the 'errorChannel' channel
thingsboard     | 2023-02-23 16:06:19,105 [main] INFO  o.s.i.c.PublishSubscribeChannel - Channel 'application.errorChannel' has 1 subscriber(s).
thingsboard     | 2023-02-23 16:06:19,105 [main] INFO  o.s.i.endpoint.EventDrivenConsumer - started bean '_org.springframework.integration.errorLogger'
thingsboard     | 2023-02-23 16:06:19,106 [main] INFO  o.a.coyote.http11.Http11NioProtocol - Starting ProtocolHandler ["http-nio-0.0.0.0-9090"]
thingsboard     | 2023-02-23 16:06:19,122 [main] INFO  o.s.b.w.e.tomcat.TomcatWebServer - Tomcat started on port(s): 9090 (http) with context path ''
thingsboard     | 2023-02-23 16:06:19,207 [rule-dispatcher-1-1] INFO  o.t.s.d.s.i.s.SqlPartitioningRepository - Saving partition 1677110400000-1677715200000 for table lc_event
thingsboard     | 2023-02-23 16:06:19,525 [rule-dispatcher-0-4] INFO  c.d.oss.driver.api.core.uuid.Uuids - PID obtained through native call to getpid(): 143
thingsboard     | 2023-02-23 16:06:20,806 [sql-log-1-thread-1] INFO  o.t.s.dao.sql.TbSqlBlockingQueue - Queue-0 [Events] queueSize [0] totalAdded [6] totalSaved [6] totalFailed [0]
thingsboard     | 2023-02-23 16:06:20,807 [sql-log-1-thread-1] INFO  o.t.s.dao.sql.TbSqlBlockingQueue - Queue-1 [Events] queueSize [0] totalAdded [6] totalSaved [6] totalFailed [0]
thingsboard     | 2023-02-23 16:06:20,807 [sql-log-1-thread-1] INFO  o.t.s.dao.sql.TbSqlBlockingQueue - Queue-2 [Events] queueSize [0] totalAdded [4] totalSaved [4] totalFailed [0]
thingsboard     | 2023-02-23 16:06:22,705 [TB-Scheduling-2] INFO  o.t.s.c.t.s.DefaultTransportService - Transport Stats: openConnections [0]
thingsboard     | 2023-02-23 16:06:22,708 [main] INFO  o.t.s.ThingsboardServerApplication - Started ThingsboardServerApplication in 21.956 seconds (JVM running for 22.795)
thingsboard     | 2023-02-23 16:06:22,749 [main] INFO  o.t.s.q.d.HashPartitionService - [339a3e0651eb] Found common server: [[TB_CORE, TB_RULE_ENGINE, TB_TRANSPORT, JS_EXECUTOR, TB_VC_EXECUTOR]]
thingsboard     | 2023-02-23 16:06:22,752 [main] INFO  o.t.s.q.d.HashPartitionService - [QK(Main,TB_RULE_ENGINE,system)] NEW PARTITIONS: [0, 1, 2, 3, 4, 5, 6, 7, 8, 9]
thingsboard     | 2023-02-23 16:06:22,754 [main] INFO  o.t.s.s.q.DefaultTbRuleEngineConsumerService - [Main] Subscribing to partitions: [TopicPartitionInfo(topic=tb_rule_engine.main, tenantId=Optional[13814000-1dd2-11b2-8080-808080808080], partition=Optional[8], fullTopicName=tb_rule_engine.main.8, myPartition=true), TopicPartitionInfo(topic=tb_rule_engine.main, tenantId=Optional[13814000-1dd2-11b2-8080-808080808080], partition=Optional[9], fullTopicName=tb_rule_engine.main.9, myPartition=true), TopicPartitionInfo(topic=tb_rule_engine.main, tenantId=Optional[13814000-1dd2-11b2-8080-808080808080], partition=Optional[6], fullTopicName=tb_rule_engine.main.6, myPartition=true), TopicPartitionInfo(topic=tb_rule_engine.main, tenantId=Optional[13814000-1dd2-11b2-8080-808080808080], partition=Optional[7], fullTopicName=tb_rule_engine.main.7, myPartition=true), TopicPartitionInfo(topic=tb_rule_engine.main, tenantId=Optional[13814000-1dd2-11b2-8080-808080808080], partition=Optional[4], fullTopicName=tb_rule_engine.main.4, myPartition=true), TopicPartitionInfo(topic=tb_rule_engine.main, tenantId=Optional[13814000-1dd2-11b2-8080-808080808080], partition=Optional[5], fullTopicName=tb_rule_engine.main.5, myPartition=true), TopicPartitionInfo(topic=tb_rule_engine.main, tenantId=Optional[13814000-1dd2-11b2-8080-808080808080], partition=Optional[2], fullTopicName=tb_rule_engine.main.2, myPartition=true), TopicPartitionInfo(topic=tb_rule_engine.main, tenantId=Optional[13814000-1dd2-11b2-8080-808080808080], partition=Optional[3], fullTopicName=tb_rule_engine.main.3, myPartition=true), TopicPartitionInfo(topic=tb_rule_engine.main, tenantId=Optional[13814000-1dd2-11b2-8080-808080808080], partition=Optional[0], fullTopicName=tb_rule_engine.main.0, myPartition=true), TopicPartitionInfo(topic=tb_rule_engine.main, tenantId=Optional[13814000-1dd2-11b2-8080-808080808080], partition=Optional[1], fullTopicName=tb_rule_engine.main.1, myPartition=true)]
thingsboard     | 2023-02-23 16:06:22,761 [main] INFO  o.t.s.s.q.DefaultTbRuleEngineConsumerService - [Main] Subscribing consumer per partition: [TopicPartitionInfo(topic=tb_rule_engine.main, tenantId=Optional[13814000-1dd2-11b2-8080-808080808080], partition=Optional[8], fullTopicName=tb_rule_engine.main.8, myPartition=true), TopicPartitionInfo(topic=tb_rule_engine.main, tenantId=Optional[13814000-1dd2-11b2-8080-808080808080], partition=Optional[9], fullTopicName=tb_rule_engine.main.9, myPartition=true), TopicPartitionInfo(topic=tb_rule_engine.main, tenantId=Optional[13814000-1dd2-11b2-8080-808080808080], partition=Optional[6], fullTopicName=tb_rule_engine.main.6, myPartition=true), TopicPartitionInfo(topic=tb_rule_engine.main, tenantId=Optional[13814000-1dd2-11b2-8080-808080808080], partition=Optional[7], fullTopicName=tb_rule_engine.main.7, myPartition=true), TopicPartitionInfo(topic=tb_rule_engine.main, tenantId=Optional[13814000-1dd2-11b2-8080-808080808080], partition=Optional[4], fullTopicName=tb_rule_engine.main.4, myPartition=true), TopicPartitionInfo(topic=tb_rule_engine.main, tenantId=Optional[13814000-1dd2-11b2-8080-808080808080], partition=Optional[5], fullTopicName=tb_rule_engine.main.5, myPartition=true), TopicPartitionInfo(topic=tb_rule_engine.main, tenantId=Optional[13814000-1dd2-11b2-8080-808080808080], partition=Optional[2], fullTopicName=tb_rule_engine.main.2, myPartition=true), TopicPartitionInfo(topic=tb_rule_engine.main, tenantId=Optional[13814000-1dd2-11b2-8080-808080808080], partition=Optional[3], fullTopicName=tb_rule_engine.main.3, myPartition=true), TopicPartitionInfo(topic=tb_rule_engine.main, tenantId=Optional[13814000-1dd2-11b2-8080-808080808080], partition=Optional[0], fullTopicName=tb_rule_engine.main.0, myPartition=true), TopicPartitionInfo(topic=tb_rule_engine.main, tenantId=Optional[13814000-1dd2-11b2-8080-808080808080], partition=Optional[1], fullTopicName=tb_rule_engine.main.1, myPartition=true)]
thingsboard     | 2023-02-23 16:06:22,762 [main] INFO  o.t.s.a.service.DefaultActorService - Received partition change event.
thingsboard     | 2023-02-23 16:06:22,762 [main] INFO  o.t.s.q.d.TbApplicationEventListener - Application event ignored due to invalid sequence number (1 > 1). Event: PartitionChangeEvent(super=TbApplicationEvent(sequenceNumber=1), queueKey=QK(Main,TB_RULE_ENGINE,system), partitions=[TopicPartitionInfo(topic=tb_rule_engine.main, tenantId=Optional[13814000-1dd2-11b2-8080-808080808080], partition=Optional[8], fullTopicName=tb_rule_engine.main.8, myPartition=true), TopicPartitionInfo(topic=tb_rule_engine.main, tenantId=Optional[13814000-1dd2-11b2-8080-808080808080], partition=Optional[9], fullTopicName=tb_rule_engine.main.9, myPartition=true), TopicPartitionInfo(topic=tb_rule_engine.main, tenantId=Optional[13814000-1dd2-11b2-8080-808080808080], partition=Optional[6], fullTopicName=tb_rule_engine.main.6, myPartition=true), TopicPartitionInfo(topic=tb_rule_engine.main, tenantId=Optional[13814000-1dd2-11b2-8080-808080808080], partition=Optional[7], fullTopicName=tb_rule_engine.main.7, myPartition=true), TopicPartitionInfo(topic=tb_rule_engine.main, tenantId=Optional[13814000-1dd2-11b2-8080-808080808080], partition=Optional[4], fullTopicName=tb_rule_engine.main.4, myPartition=true), TopicPartitionInfo(topic=tb_rule_engine.main, tenantId=Optional[13814000-1dd2-11b2-8080-808080808080], partition=Optional[5], fullTopicName=tb_rule_engine.main.5, myPartition=true), TopicPartitionInfo(topic=tb_rule_engine.main, tenantId=Optional[13814000-1dd2-11b2-8080-808080808080], partition=Optional[2], fullTopicName=tb_rule_engine.main.2, myPartition=true), TopicPartitionInfo(topic=tb_rule_engine.main, tenantId=Optional[13814000-1dd2-11b2-8080-808080808080], partition=Optional[3], fullTopicName=tb_rule_engine.main.3, myPartition=true), TopicPartitionInfo(topic=tb_rule_engine.main, tenantId=Optional[13814000-1dd2-11b2-8080-808080808080], partition=Optional[0], fullTopicName=tb_rule_engine.main.0, myPartition=true), TopicPartitionInfo(topic=tb_rule_engine.main, tenantId=Optional[13814000-1dd2-11b2-8080-808080808080], partition=Optional[1], fullTopicName=tb_rule_engine.main.1, myPartition=true)])
thingsboard     | 2023-02-23 16:06:22,764 [main] INFO  o.t.s.q.d.HashPartitionService - [QK(Main,TB_CORE,system)] NEW PARTITIONS: [0, 1, 2, 3, 4, 5, 6, 7, 8, 9]
thingsboard     | 2023-02-23 16:06:22,768 [api-usage-scheduled-17-thread-1] INFO  o.t.s.s.p.AbstractPartitionBasedService - [API Usage] CURRENT PARTITIONS: []
thingsboard     | 2023-02-23 16:06:22,768 [api-usage-scheduled-17-thread-1] INFO  o.t.s.s.p.AbstractPartitionBasedService - [API Usage] NEW PARTITIONS: [TopicPartitionInfo(topic=tb_core, tenantId=Optional[13814000-1dd2-11b2-8080-808080808080], partition=Optional[5], fullTopicName=tb_core.5, myPartition=true), TopicPartitionInfo(topic=tb_core, tenantId=Optional[13814000-1dd2-11b2-8080-808080808080], partition=Optional[6], fullTopicName=tb_core.6, myPartition=true), TopicPartitionInfo(topic=tb_core, tenantId=Optional[13814000-1dd2-11b2-8080-808080808080], partition=Optional[3], fullTopicName=tb_core.3, myPartition=true), TopicPartitionInfo(topic=tb_core, tenantId=Optional[13814000-1dd2-11b2-8080-808080808080], partition=Optional[4], fullTopicName=tb_core.4, myPartition=true), TopicPartitionInfo(topic=tb_core, tenantId=Optional[13814000-1dd2-11b2-8080-808080808080], partition=Optional[1], fullTopicName=tb_core.1, myPartition=true), TopicPartitionInfo(topic=tb_core, tenantId=Optional[13814000-1dd2-11b2-8080-808080808080], partition=Optional[2], fullTopicName=tb_core.2, myPartition=true), TopicPartitionInfo(topic=tb_core, tenantId=Optional[13814000-1dd2-11b2-8080-808080808080], partition=Optional[0], fullTopicName=tb_core.0, myPartition=true), TopicPartitionInfo(topic=tb_core, tenantId=Optional[13814000-1dd2-11b2-8080-808080808080], partition=Optional[9], fullTopicName=tb_core.9, myPartition=true), TopicPartitionInfo(topic=tb_core, tenantId=Optional[13814000-1dd2-11b2-8080-808080808080], partition=Optional[7], fullTopicName=tb_core.7, myPartition=true), TopicPartitionInfo(topic=tb_core, tenantId=Optional[13814000-1dd2-11b2-8080-808080808080], partition=Optional[8], fullTopicName=tb_core.8, myPartition=true)]
thingsboard     | 2023-02-23 16:06:22,768 [main] INFO  o.t.s.s.q.DefaultTbCoreConsumerService - Subscribing to partitions: [TopicPartitionInfo(topic=tb_core, tenantId=Optional[13814000-1dd2-11b2-8080-808080808080], partition=Optional[5], fullTopicName=tb_core.5, myPartition=true), TopicPartitionInfo(topic=tb_core, tenantId=Optional[13814000-1dd2-11b2-8080-808080808080], partition=Optional[6], fullTopicName=tb_core.6, myPartition=true), TopicPartitionInfo(topic=tb_core, tenantId=Optional[13814000-1dd2-11b2-8080-808080808080], partition=Optional[3], fullTopicName=tb_core.3, myPartition=true), TopicPartitionInfo(topic=tb_core, tenantId=Optional[13814000-1dd2-11b2-8080-808080808080], partition=Optional[4], fullTopicName=tb_core.4, myPartition=true), TopicPartitionInfo(topic=tb_core, tenantId=Optional[13814000-1dd2-11b2-8080-808080808080], partition=Optional[1], fullTopicName=tb_core.1, myPartition=true), TopicPartitionInfo(topic=tb_core, tenantId=Optional[13814000-1dd2-11b2-8080-808080808080], partition=Optional[2], fullTopicName=tb_core.2, myPartition=true), TopicPartitionInfo(topic=tb_core, tenantId=Optional[13814000-1dd2-11b2-8080-808080808080], partition=Optional[0], fullTopicName=tb_core.0, myPartition=true), TopicPartitionInfo(topic=tb_core, tenantId=Optional[13814000-1dd2-11b2-8080-808080808080], partition=Optional[9], fullTopicName=tb_core.9, myPartition=true), TopicPartitionInfo(topic=tb_core, tenantId=Optional[13814000-1dd2-11b2-8080-808080808080], partition=Optional[7], fullTopicName=tb_core.7, myPartition=true), TopicPartitionInfo(topic=tb_core, tenantId=Optional[13814000-1dd2-11b2-8080-808080808080], partition=Optional[8], fullTopicName=tb_core.8, myPartition=true)]
thingsboard     | 2023-02-23 16:06:22,768 [device-state-scheduled-23-thread-1] INFO  o.t.s.s.p.AbstractPartitionBasedService - [Device State] CURRENT PARTITIONS: []
thingsboard     | 2023-02-23 16:06:22,769 [api-usage-scheduled-17-thread-1] INFO  o.t.s.s.p.AbstractPartitionBasedService - [API Usage] ADDED PARTITIONS: [TopicPartitionInfo(topic=tb_core, tenantId=Optional[13814000-1dd2-11b2-8080-808080808080], partition=Optional[5], fullTopicName=tb_core.5, myPartition=true), TopicPartitionInfo(topic=tb_core, tenantId=Optional[13814000-1dd2-11b2-8080-808080808080], partition=Optional[6], fullTopicName=tb_core.6, myPartition=true), TopicPartitionInfo(topic=tb_core, tenantId=Optional[13814000-1dd2-11b2-8080-808080808080], partition=Optional[3], fullTopicName=tb_core.3, myPartition=true), TopicPartitionInfo(topic=tb_core, tenantId=Optional[13814000-1dd2-11b2-8080-808080808080], partition=Optional[4], fullTopicName=tb_core.4, myPartition=true), TopicPartitionInfo(topic=tb_core, tenantId=Optional[13814000-1dd2-11b2-8080-808080808080], partition=Optional[1], fullTopicName=tb_core.1, myPartition=true), TopicPartitionInfo(topic=tb_core, tenantId=Optional[13814000-1dd2-11b2-8080-808080808080], partition=Optional[2], fullTopicName=tb_core.2, myPartition=true), TopicPartitionInfo(topic=tb_core, tenantId=Optional[13814000-1dd2-11b2-8080-808080808080], partition=Optional[0], fullTopicName=tb_core.0, myPartition=true), TopicPartitionInfo(topic=tb_core, tenantId=Optional[13814000-1dd2-11b2-8080-808080808080], partition=Optional[9], fullTopicName=tb_core.9, myPartition=true), TopicPartitionInfo(topic=tb_core, tenantId=Optional[13814000-1dd2-11b2-8080-808080808080], partition=Optional[7], fullTopicName=tb_core.7, myPartition=true), TopicPartitionInfo(topic=tb_core, tenantId=Optional[13814000-1dd2-11b2-8080-808080808080], partition=Optional[8], fullTopicName=tb_core.8, myPartition=true)]
thingsboard     | 2023-02-23 16:06:22,769 [main] INFO  o.t.s.a.service.DefaultActorService - Received partition change event.
thingsboard     | 2023-02-23 16:06:22,770 [api-usage-scheduled-17-thread-1] INFO  o.t.s.s.p.AbstractPartitionBasedService - [API Usage] REMOVED PARTITIONS: []
thingsboard     | 2023-02-23 16:06:22,769 [device-state-scheduled-23-thread-1] INFO  o.t.s.s.p.AbstractPartitionBasedService - [Device State] NEW PARTITIONS: [TopicPartitionInfo(topic=tb_core, tenantId=Optional[13814000-1dd2-11b2-8080-808080808080], partition=Optional[5], fullTopicName=tb_core.5, myPartition=true), TopicPartitionInfo(topic=tb_core, tenantId=Optional[13814000-1dd2-11b2-8080-808080808080], partition=Optional[6], fullTopicName=tb_core.6, myPartition=true), TopicPartitionInfo(topic=tb_core, tenantId=Optional[13814000-1dd2-11b2-8080-808080808080], partition=Optional[3], fullTopicName=tb_core.3, myPartition=true), TopicPartitionInfo(topic=tb_core, tenantId=Optional[13814000-1dd2-11b2-8080-808080808080], partition=Optional[4], fullTopicName=tb_core.4, myPartition=true), TopicPartitionInfo(topic=tb_core, tenantId=Optional[13814000-1dd2-11b2-8080-808080808080], partition=Optional[1], fullTopicName=tb_core.1, myPartition=true), TopicPartitionInfo(topic=tb_core, tenantId=Optional[13814000-1dd2-11b2-8080-808080808080], partition=Optional[2], fullTopicName=tb_core.2, myPartition=true), TopicPartitionInfo(topic=tb_core, tenantId=Optional[13814000-1dd2-11b2-8080-808080808080], partition=Optional[0], fullTopicName=tb_core.0, myPartition=true), TopicPartitionInfo(topic=tb_core, tenantId=Optional[13814000-1dd2-11b2-8080-808080808080], partition=Optional[9], fullTopicName=tb_core.9, myPartition=true), TopicPartitionInfo(topic=tb_core, tenantId=Optional[13814000-1dd2-11b2-8080-808080808080], partition=Optional[7], fullTopicName=tb_core.7, myPartition=true), TopicPartitionInfo(topic=tb_core, tenantId=Optional[13814000-1dd2-11b2-8080-808080808080], partition=Optional[8], fullTopicName=tb_core.8, myPartition=true)]
thingsboard     | 2023-02-23 16:06:22,770 [main] INFO  o.t.s.q.d.TbApplicationEventListener - Application event ignored due to invalid sequence number (2 > 2). Event: PartitionChangeEvent(super=TbApplicationEvent(sequenceNumber=2), queueKey=QK(Main,TB_CORE,system), partitions=[TopicPartitionInfo(topic=tb_core, tenantId=Optional[13814000-1dd2-11b2-8080-808080808080], partition=Optional[5], fullTopicName=tb_core.5, myPartition=true), TopicPartitionInfo(topic=tb_core, tenantId=Optional[13814000-1dd2-11b2-8080-808080808080], partition=Optional[6], fullTopicName=tb_core.6, myPartition=true), TopicPartitionInfo(topic=tb_core, tenantId=Optional[13814000-1dd2-11b2-8080-808080808080], partition=Optional[3], fullTopicName=tb_core.3, myPartition=true), TopicPartitionInfo(topic=tb_core, tenantId=Optional[13814000-1dd2-11b2-8080-808080808080], partition=Optional[4], fullTopicName=tb_core.4, myPartition=true), TopicPartitionInfo(topic=tb_core, tenantId=Optional[13814000-1dd2-11b2-8080-808080808080], partition=Optional[1], fullTopicName=tb_core.1, myPartition=true), TopicPartitionInfo(topic=tb_core, tenantId=Optional[13814000-1dd2-11b2-8080-808080808080], partition=Optional[2], fullTopicName=tb_core.2, myPartition=true), TopicPartitionInfo(topic=tb_core, tenantId=Optional[13814000-1dd2-11b2-8080-808080808080], partition=Optional[0], fullTopicName=tb_core.0, myPartition=true), TopicPartitionInfo(topic=tb_core, tenantId=Optional[13814000-1dd2-11b2-8080-808080808080], partition=Optional[9], fullTopicName=tb_core.9, myPartition=true), TopicPartitionInfo(topic=tb_core, tenantId=Optional[13814000-1dd2-11b2-8080-808080808080], partition=Optional[7], fullTopicName=tb_core.7, myPartition=true), TopicPartitionInfo(topic=tb_core, tenantId=Optional[13814000-1dd2-11b2-8080-808080808080], partition=Optional[8], fullTopicName=tb_core.8, myPartition=true)])
thingsboard     | 2023-02-23 16:06:22,771 [main] INFO  o.t.s.q.d.HashPartitionService - [QK(Main,TB_VC_EXECUTOR,system)] NEW PARTITIONS: [0, 1, 2, 3, 4, 5, 6, 7, 8, 9]
thingsboard     | 2023-02-23 16:06:22,771 [device-state-scheduled-23-thread-1] INFO  o.t.s.s.p.AbstractPartitionBasedService - [Device State] ADDED PARTITIONS: [TopicPartitionInfo(topic=tb_core, tenantId=Optional[13814000-1dd2-11b2-8080-808080808080], partition=Optional[5], fullTopicName=tb_core.5, myPartition=true), TopicPartitionInfo(topic=tb_core, tenantId=Optional[13814000-1dd2-11b2-8080-808080808080], partition=Optional[6], fullTopicName=tb_core.6, myPartition=true), TopicPartitionInfo(topic=tb_core, tenantId=Optional[13814000-1dd2-11b2-8080-808080808080], partition=Optional[3], fullTopicName=tb_core.3, myPartition=true), TopicPartitionInfo(topic=tb_core, tenantId=Optional[13814000-1dd2-11b2-8080-808080808080], partition=Optional[4], fullTopicName=tb_core.4, myPartition=true), TopicPartitionInfo(topic=tb_core, tenantId=Optional[13814000-1dd2-11b2-8080-808080808080], partition=Optional[1], fullTopicName=tb_core.1, myPartition=true), TopicPartitionInfo(topic=tb_core, tenantId=Optional[13814000-1dd2-11b2-8080-808080808080], partition=Optional[2], fullTopicName=tb_core.2, myPartition=true), TopicPartitionInfo(topic=tb_core, tenantId=Optional[13814000-1dd2-11b2-8080-808080808080], partition=Optional[0], fullTopicName=tb_core.0, myPartition=true), TopicPartitionInfo(topic=tb_core, tenantId=Optional[13814000-1dd2-11b2-8080-808080808080], partition=Optional[9], fullTopicName=tb_core.9, myPartition=true), TopicPartitionInfo(topic=tb_core, tenantId=Optional[13814000-1dd2-11b2-8080-808080808080], partition=Optional[7], fullTopicName=tb_core.7, myPartition=true), TopicPartitionInfo(topic=tb_core, tenantId=Optional[13814000-1dd2-11b2-8080-808080808080], partition=Optional[8], fullTopicName=tb_core.8, myPartition=true)]
thingsboard     | 2023-02-23 16:06:22,771 [device-state-scheduled-23-thread-1] INFO  o.t.s.s.p.AbstractPartitionBasedService - [Device State] REMOVED PARTITIONS: []
thingsboard     | 2023-02-23 16:06:22,771 [main] INFO  o.t.s.a.service.DefaultActorService - Received partition change event.
thingsboard     | 2023-02-23 16:06:22,771 [api-usage-scheduled-17-thread-1] INFO  o.t.s.s.a.DefaultTbApiUsageStateService - Initializing tenant states.
thingsboard     | 2023-02-23 16:06:22,771 [main] INFO  o.t.s.q.d.HashPartitionService - [QK(HighPriority,TB_RULE_ENGINE,system)] NEW PARTITIONS: [0, 1, 2, 3, 4, 5, 6, 7, 8, 9]
thingsboard     | 2023-02-23 16:06:22,771 [main] INFO  o.t.s.s.q.DefaultTbRuleEngineConsumerService - [HighPriority] Subscribing to partitions: [TopicPartitionInfo(topic=tb_rule_engine.hp, tenantId=Optional[13814000-1dd2-11b2-8080-808080808080], partition=Optional[9], fullTopicName=tb_rule_engine.hp.9, myPartition=true), TopicPartitionInfo(topic=tb_rule_engine.hp, tenantId=Optional[13814000-1dd2-11b2-8080-808080808080], partition=Optional[7], fullTopicName=tb_rule_engine.hp.7, myPartition=true), TopicPartitionInfo(topic=tb_rule_engine.hp, tenantId=Optional[13814000-1dd2-11b2-8080-808080808080], partition=Optional[8], fullTopicName=tb_rule_engine.hp.8, myPartition=true), TopicPartitionInfo(topic=tb_rule_engine.hp, tenantId=Optional[13814000-1dd2-11b2-8080-808080808080], partition=Optional[5], fullTopicName=tb_rule_engine.hp.5, myPartition=true), TopicPartitionInfo(topic=tb_rule_engine.hp, tenantId=Optional[13814000-1dd2-11b2-8080-808080808080], partition=Optional[6], fullTopicName=tb_rule_engine.hp.6, myPartition=true), TopicPartitionInfo(topic=tb_rule_engine.hp, tenantId=Optional[13814000-1dd2-11b2-8080-808080808080], partition=Optional[3], fullTopicName=tb_rule_engine.hp.3, myPartition=true), TopicPartitionInfo(topic=tb_rule_engine.hp, tenantId=Optional[13814000-1dd2-11b2-8080-808080808080], partition=Optional[4], fullTopicName=tb_rule_engine.hp.4, myPartition=true), TopicPartitionInfo(topic=tb_rule_engine.hp, tenantId=Optional[13814000-1dd2-11b2-8080-808080808080], partition=Optional[1], fullTopicName=tb_rule_engine.hp.1, myPartition=true), TopicPartitionInfo(topic=tb_rule_engine.hp, tenantId=Optional[13814000-1dd2-11b2-8080-808080808080], partition=Optional[2], fullTopicName=tb_rule_engine.hp.2, myPartition=true), TopicPartitionInfo(topic=tb_rule_engine.hp, tenantId=Optional[13814000-1dd2-11b2-8080-808080808080], partition=Optional[0], fullTopicName=tb_rule_engine.hp.0, myPartition=true)]
thingsboard     | 2023-02-23 16:06:22,772 [main] INFO  o.t.s.s.q.DefaultTbRuleEngineConsumerService - [HighPriority] Subscribing consumer per partition: [TopicPartitionInfo(topic=tb_rule_engine.hp, tenantId=Optional[13814000-1dd2-11b2-8080-808080808080], partition=Optional[9], fullTopicName=tb_rule_engine.hp.9, myPartition=true), TopicPartitionInfo(topic=tb_rule_engine.hp, tenantId=Optional[13814000-1dd2-11b2-8080-808080808080], partition=Optional[7], fullTopicName=tb_rule_engine.hp.7, myPartition=true), TopicPartitionInfo(topic=tb_rule_engine.hp, tenantId=Optional[13814000-1dd2-11b2-8080-808080808080], partition=Optional[8], fullTopicName=tb_rule_engine.hp.8, myPartition=true), TopicPartitionInfo(topic=tb_rule_engine.hp, tenantId=Optional[13814000-1dd2-11b2-8080-808080808080], partition=Optional[5], fullTopicName=tb_rule_engine.hp.5, myPartition=true), TopicPartitionInfo(topic=tb_rule_engine.hp, tenantId=Optional[13814000-1dd2-11b2-8080-808080808080], partition=Optional[6], fullTopicName=tb_rule_engine.hp.6, myPartition=true), TopicPartitionInfo(topic=tb_rule_engine.hp, tenantId=Optional[13814000-1dd2-11b2-8080-808080808080], partition=Optional[3], fullTopicName=tb_rule_engine.hp.3, myPartition=true), TopicPartitionInfo(topic=tb_rule_engine.hp, tenantId=Optional[13814000-1dd2-11b2-8080-808080808080], partition=Optional[4], fullTopicName=tb_rule_engine.hp.4, myPartition=true), TopicPartitionInfo(topic=tb_rule_engine.hp, tenantId=Optional[13814000-1dd2-11b2-8080-808080808080], partition=Optional[1], fullTopicName=tb_rule_engine.hp.1, myPartition=true), TopicPartitionInfo(topic=tb_rule_engine.hp, tenantId=Optional[13814000-1dd2-11b2-8080-808080808080], partition=Optional[2], fullTopicName=tb_rule_engine.hp.2, myPartition=true), TopicPartitionInfo(topic=tb_rule_engine.hp, tenantId=Optional[13814000-1dd2-11b2-8080-808080808080], partition=Optional[0], fullTopicName=tb_rule_engine.hp.0, myPartition=true)]
thingsboard     | 2023-02-23 16:06:22,772 [main] INFO  o.t.s.a.service.DefaultActorService - Received partition change event.
thingsboard     | 2023-02-23 16:06:22,772 [main] INFO  o.t.s.q.d.TbApplicationEventListener - Application event ignored due to invalid sequence number (4 > 4). Event: PartitionChangeEvent(super=TbApplicationEvent(sequenceNumber=4), queueKey=QK(HighPriority,TB_RULE_ENGINE,system), partitions=[TopicPartitionInfo(topic=tb_rule_engine.hp, tenantId=Optional[13814000-1dd2-11b2-8080-808080808080], partition=Optional[9], fullTopicName=tb_rule_engine.hp.9, myPartition=true), TopicPartitionInfo(topic=tb_rule_engine.hp, tenantId=Optional[13814000-1dd2-11b2-8080-808080808080], partition=Optional[7], fullTopicName=tb_rule_engine.hp.7, myPartition=true), TopicPartitionInfo(topic=tb_rule_engine.hp, tenantId=Optional[13814000-1dd2-11b2-8080-808080808080], partition=Optional[8], fullTopicName=tb_rule_engine.hp.8, myPartition=true), TopicPartitionInfo(topic=tb_rule_engine.hp, tenantId=Optional[13814000-1dd2-11b2-8080-808080808080], partition=Optional[5], fullTopicName=tb_rule_engine.hp.5, myPartition=true), TopicPartitionInfo(topic=tb_rule_engine.hp, tenantId=Optional[13814000-1dd2-11b2-8080-808080808080], partition=Optional[6], fullTopicName=tb_rule_engine.hp.6, myPartition=true), TopicPartitionInfo(topic=tb_rule_engine.hp, tenantId=Optional[13814000-1dd2-11b2-8080-808080808080], partition=Optional[3], fullTopicName=tb_rule_engine.hp.3, myPartition=true), TopicPartitionInfo(topic=tb_rule_engine.hp, tenantId=Optional[13814000-1dd2-11b2-8080-808080808080], partition=Optional[4], fullTopicName=tb_rule_engine.hp.4, myPartition=true), TopicPartitionInfo(topic=tb_rule_engine.hp, tenantId=Optional[13814000-1dd2-11b2-8080-808080808080], partition=Optional[1], fullTopicName=tb_rule_engine.hp.1, myPartition=true), TopicPartitionInfo(topic=tb_rule_engine.hp, tenantId=Optional[13814000-1dd2-11b2-8080-808080808080], partition=Optional[2], fullTopicName=tb_rule_engine.hp.2, myPartition=true), TopicPartitionInfo(topic=tb_rule_engine.hp, tenantId=Optional[13814000-1dd2-11b2-8080-808080808080], partition=Optional[0], fullTopicName=tb_rule_engine.hp.0, myPartition=true)])
thingsboard     | 2023-02-23 16:06:22,772 [main] INFO  o.t.s.q.d.HashPartitionService - [QK(SequentialByOriginator,TB_RULE_ENGINE,system)] NEW PARTITIONS: [0, 1, 2, 3, 4, 5, 6, 7, 8, 9]
thingsboard     | 2023-02-23 16:06:22,772 [main] INFO  o.t.s.s.q.DefaultTbRuleEngineConsumerService - [SequentialByOriginator] Subscribing to partitions: [TopicPartitionInfo(topic=tb_rule_engine.sq, tenantId=Optional[13814000-1dd2-11b2-8080-808080808080], partition=Optional[9], fullTopicName=tb_rule_engine.sq.9, myPartition=true), TopicPartitionInfo(topic=tb_rule_engine.sq, tenantId=Optional[13814000-1dd2-11b2-8080-808080808080], partition=Optional[8], fullTopicName=tb_rule_engine.sq.8, myPartition=true), TopicPartitionInfo(topic=tb_rule_engine.sq, tenantId=Optional[13814000-1dd2-11b2-8080-808080808080], partition=Optional[7], fullTopicName=tb_rule_engine.sq.7, myPartition=true), TopicPartitionInfo(topic=tb_rule_engine.sq, tenantId=Optional[13814000-1dd2-11b2-8080-808080808080], partition=Optional[2], fullTopicName=tb_rule_engine.sq.2, myPartition=true), TopicPartitionInfo(topic=tb_rule_engine.sq, tenantId=Optional[13814000-1dd2-11b2-8080-808080808080], partition=Optional[1], fullTopicName=tb_rule_engine.sq.1, myPartition=true), TopicPartitionInfo(topic=tb_rule_engine.sq, tenantId=Optional[13814000-1dd2-11b2-8080-808080808080], partition=Optional[0], fullTopicName=tb_rule_engine.sq.0, myPartition=true), TopicPartitionInfo(topic=tb_rule_engine.sq, tenantId=Optional[13814000-1dd2-11b2-8080-808080808080], partition=Optional[6], fullTopicName=tb_rule_engine.sq.6, myPartition=true), TopicPartitionInfo(topic=tb_rule_engine.sq, tenantId=Optional[13814000-1dd2-11b2-8080-808080808080], partition=Optional[5], fullTopicName=tb_rule_engine.sq.5, myPartition=true), TopicPartitionInfo(topic=tb_rule_engine.sq, tenantId=Optional[13814000-1dd2-11b2-8080-808080808080], partition=Optional[4], fullTopicName=tb_rule_engine.sq.4, myPartition=true), TopicPartitionInfo(topic=tb_rule_engine.sq, tenantId=Optional[13814000-1dd2-11b2-8080-808080808080], partition=Optional[3], fullTopicName=tb_rule_engine.sq.3, myPartition=true)]
thingsboard     | 2023-02-23 16:06:22,773 [main] INFO  o.t.s.s.q.DefaultTbRuleEngineConsumerService - [SequentialByOriginator] Subscribing consumer per partition: [TopicPartitionInfo(topic=tb_rule_engine.sq, tenantId=Optional[13814000-1dd2-11b2-8080-808080808080], partition=Optional[9], fullTopicName=tb_rule_engine.sq.9, myPartition=true), TopicPartitionInfo(topic=tb_rule_engine.sq, tenantId=Optional[13814000-1dd2-11b2-8080-808080808080], partition=Optional[8], fullTopicName=tb_rule_engine.sq.8, myPartition=true), TopicPartitionInfo(topic=tb_rule_engine.sq, tenantId=Optional[13814000-1dd2-11b2-8080-808080808080], partition=Optional[7], fullTopicName=tb_rule_engine.sq.7, myPartition=true), TopicPartitionInfo(topic=tb_rule_engine.sq, tenantId=Optional[13814000-1dd2-11b2-8080-808080808080], partition=Optional[2], fullTopicName=tb_rule_engine.sq.2, myPartition=true), TopicPartitionInfo(topic=tb_rule_engine.sq, tenantId=Optional[13814000-1dd2-11b2-8080-808080808080], partition=Optional[1], fullTopicName=tb_rule_engine.sq.1, myPartition=true), TopicPartitionInfo(topic=tb_rule_engine.sq, tenantId=Optional[13814000-1dd2-11b2-8080-808080808080], partition=Optional[0], fullTopicName=tb_rule_engine.sq.0, myPartition=true), TopicPartitionInfo(topic=tb_rule_engine.sq, tenantId=Optional[13814000-1dd2-11b2-8080-808080808080], partition=Optional[6], fullTopicName=tb_rule_engine.sq.6, myPartition=true), TopicPartitionInfo(topic=tb_rule_engine.sq, tenantId=Optional[13814000-1dd2-11b2-8080-808080808080], partition=Optional[5], fullTopicName=tb_rule_engine.sq.5, myPartition=true), TopicPartitionInfo(topic=tb_rule_engine.sq, tenantId=Optional[13814000-1dd2-11b2-8080-808080808080], partition=Optional[4], fullTopicName=tb_rule_engine.sq.4, myPartition=true), TopicPartitionInfo(topic=tb_rule_engine.sq, tenantId=Optional[13814000-1dd2-11b2-8080-808080808080], partition=Optional[3], fullTopicName=tb_rule_engine.sq.3, myPartition=true)]
thingsboard     | 2023-02-23 16:06:22,773 [main] INFO  o.t.s.a.service.DefaultActorService - Received partition change event.
thingsboard     | 2023-02-23 16:06:22,773 [main] INFO  o.t.s.q.d.TbApplicationEventListener - Application event ignored due to invalid sequence number (5 > 5). Event: PartitionChangeEvent(super=TbApplicationEvent(sequenceNumber=5), queueKey=QK(SequentialByOriginator,TB_RULE_ENGINE,system), partitions=[TopicPartitionInfo(topic=tb_rule_engine.sq, tenantId=Optional[13814000-1dd2-11b2-8080-808080808080], partition=Optional[9], fullTopicName=tb_rule_engine.sq.9, myPartition=true), TopicPartitionInfo(topic=tb_rule_engine.sq, tenantId=Optional[13814000-1dd2-11b2-8080-808080808080], partition=Optional[8], fullTopicName=tb_rule_engine.sq.8, myPartition=true), TopicPartitionInfo(topic=tb_rule_engine.sq, tenantId=Optional[13814000-1dd2-11b2-8080-808080808080], partition=Optional[7], fullTopicName=tb_rule_engine.sq.7, myPartition=true), TopicPartitionInfo(topic=tb_rule_engine.sq, tenantId=Optional[13814000-1dd2-11b2-8080-808080808080], partition=Optional[2], fullTopicName=tb_rule_engine.sq.2, myPartition=true), TopicPartitionInfo(topic=tb_rule_engine.sq, tenantId=Optional[13814000-1dd2-11b2-8080-808080808080], partition=Optional[1], fullTopicName=tb_rule_engine.sq.1, myPartition=true), TopicPartitionInfo(topic=tb_rule_engine.sq, tenantId=Optional[13814000-1dd2-11b2-8080-808080808080], partition=Optional[0], fullTopicName=tb_rule_engine.sq.0, myPartition=true), TopicPartitionInfo(topic=tb_rule_engine.sq, tenantId=Optional[13814000-1dd2-11b2-8080-808080808080], partition=Optional[6], fullTopicName=tb_rule_engine.sq.6, myPartition=true), TopicPartitionInfo(topic=tb_rule_engine.sq, tenantId=Optional[13814000-1dd2-11b2-8080-808080808080], partition=Optional[5], fullTopicName=tb_rule_engine.sq.5, myPartition=true), TopicPartitionInfo(topic=tb_rule_engine.sq, tenantId=Optional[13814000-1dd2-11b2-8080-808080808080], partition=Optional[4], fullTopicName=tb_rule_engine.sq.4, myPartition=true), TopicPartitionInfo(topic=tb_rule_engine.sq, tenantId=Optional[13814000-1dd2-11b2-8080-808080808080], partition=Optional[3], fullTopicName=tb_rule_engine.sq.3, myPartition=true)])
thingsboard     | 2023-02-23 16:06:22,774 [main] INFO  o.t.s.t.s.s.SnmpTransportBalancingService - Recalculating partitions for SNMP transports
thingsboard     | 2023-02-23 16:06:22,774 [main] INFO  o.t.s.t.s.s.SnmpTransportBalancingService - SNMP transports partitions have not changed
thingsboard     | 2023-02-23 16:06:22,775 [main] INFO  o.t.s.a.service.DefaultActorService - Received application ready event. Sending application init message to actor system
thingsboard     | 2023-02-23 16:06:22,775 [main] INFO  o.t.s.s.q.p.AbstractConsumerService - Subscribing to notifications: tb_core.notifications.339a3e0651eb
thingsboard     | 2023-02-23 16:06:22,794 [main] INFO  o.t.s.s.q.p.AbstractConsumerService - Subscribing to notifications: tb_rule_engine.notifications.339a3e0651eb
thingsboard     | 2023-02-23 16:06:22,795 [main] INFO  o.t.s.s.t.TbCoreTransportApiService - Received application ready event. Starting polling for events.
thingsboard     | 2023-02-23 16:06:22,799 [main] INFO  o.t.s.t.l.s.DefaultLwM2mTransportService - Unable to load X509 files for LWM2MServer
thingsboard     | 2023-02-23 16:06:22,803 [main] INFO  o.e.c.c.network.RandomTokenGenerator - using tokens of 8 bytes in length
thingsboard     | 2023-02-23 16:06:22,803 [main] INFO  o.e.c.core.network.CoapEndpoint - [LWM2M Server-coap://] CoapEndpoint uses udp context
thingsboard     | 2023-02-23 16:06:22,803 [main] INFO  o.e.c.c.network.stack.BlockwiseLayer - [LWM2M Server-coap://] BlockwiseLayer uses MAX_MESSAGE_SIZE=1024, PREFERRED_BLOCK_SIZE=1024, BLOCKWISE_STATUS_LIFETIME=300000, MAX_RESOURCE_BODY_SIZE=268435456, BLOCKWISE_STRICT_BLOCK2_OPTION=true
thingsboard     | 2023-02-23 16:06:22,804 [main] INFO  o.e.c.s.dtls.InMemoryConnectionStore - Created new InMemoryConnectionStore [capacity: 150000, connection expiration threshold: 1800s]
thingsboard     | 2023-02-23 16:06:22,804 [main] INFO  o.e.c.c.network.RandomTokenGenerator - using tokens of 8 bytes in length
thingsboard     | 2023-02-23 16:06:22,804 [main] INFO  o.e.c.core.network.CoapEndpoint - [LWM2M Server-coaps://] CoapEndpoint uses lwm2m correlation
thingsboard     | 2023-02-23 16:06:22,804 [main] INFO  o.e.c.c.network.stack.BlockwiseLayer - [LWM2M Server-coaps://] BlockwiseLayer uses MAX_MESSAGE_SIZE=1024, PREFERRED_BLOCK_SIZE=1024, BLOCKWISE_STATUS_LIFETIME=300000, MAX_RESOURCE_BODY_SIZE=268435456, BLOCKWISE_STRICT_BLOCK2_OPTION=true
thingsboard     | 2023-02-23 16:06:22,835 [device-state-scheduled-23-thread-1] INFO  o.t.s.s.s.DefaultDeviceStateService - [TopicPartitionInfo(topic=tb_core, tenantId=Optional[13814000-1dd2-11b2-8080-808080808080], partition=Optional[6], fullTopicName=tb_core.6, myPartition=true)] Submit task for device states: 1
thingsboard     | 2023-02-23 16:06:22,836 [device-state-scheduled-23-thread-1] INFO  o.t.s.s.s.DefaultDeviceStateService - [TopicPartitionInfo(topic=tb_core, tenantId=Optional[13814000-1dd2-11b2-8080-808080808080], partition=Optional[4], fullTopicName=tb_core.4, myPartition=true)] Submit task for device states: 1
thingsboard     | 2023-02-23 16:06:22,837 [device-state-scheduled-23-thread-1] INFO  o.t.s.s.s.DefaultDeviceStateService - [TopicPartitionInfo(topic=tb_core, tenantId=Optional[13814000-1dd2-11b2-8080-808080808080], partition=Optional[0], fullTopicName=tb_core.0, myPartition=true)] Submit task for device states: 2
thingsboard     | 2023-02-23 16:06:22,837 [device-state-scheduled-23-thread-1] INFO  o.t.s.s.s.DefaultDeviceStateService - [TopicPartitionInfo(topic=tb_core, tenantId=Optional[13814000-1dd2-11b2-8080-808080808080], partition=Optional[9], fullTopicName=tb_core.9, myPartition=true)] Submit task for device states: 1
thingsboard     | 2023-02-23 16:06:22,842 [device-state-scheduled-23-thread-1] INFO  o.t.s.s.s.DefaultDeviceStateService - [TopicPartitionInfo(topic=tb_core, tenantId=Optional[13814000-1dd2-11b2-8080-808080808080], partition=Optional[8], fullTopicName=tb_core.8, myPartition=true)] Submit task for device states: 4
thingsboard     | 2023-02-23 16:06:22,871 [device-state-2-2] INFO  o.t.s.s.s.DefaultDeviceStateService - [4] Initialized 1 out of 1 device states
thingsboard     | 2023-02-23 16:06:22,871 [device-state-1-1] INFO  o.t.s.s.s.DefaultDeviceStateService - [6] Initialized 1 out of 1 device states
thingsboard     | 2023-02-23 16:06:22,873 [DbCallbackExecutorService-57-1] INFO  o.t.s.s.p.AbstractPartitionBasedService - [API Usage] Managing following partitions:
thingsboard     | 2023-02-23 16:06:22,872 [main] INFO  o.t.s.t.l.s.DefaultLwM2mTransportService - Starting LwM2M transport server...
thingsboard     | 2023-02-23 16:06:22,872 [device-state-3-3] INFO  o.t.s.s.s.DefaultDeviceStateService - [0] Initialized 2 out of 2 device states
thingsboard     | 2023-02-23 16:06:22,874 [DbCallbackExecutorService-57-1] INFO  o.t.s.s.p.AbstractPartitionBasedService - [API Usage][tb_core.5]: 0 entities
thingsboard     | 2023-02-23 16:06:22,875 [DbCallbackExecutorService-57-1] INFO  o.t.s.s.p.AbstractPartitionBasedService - [API Usage][tb_core.6]: 0 entities
thingsboard     | 2023-02-23 16:06:22,875 [DbCallbackExecutorService-57-1] INFO  o.t.s.s.p.AbstractPartitionBasedService - [API Usage][tb_core.3]: 0 entities
thingsboard     | 2023-02-23 16:06:22,875 [device-state-4-4] INFO  o.t.s.s.s.DefaultDeviceStateService - [9] Initialized 1 out of 1 device states
thingsboard     | 2023-02-23 16:06:22,875 [DbCallbackExecutorService-57-1] INFO  o.t.s.s.p.AbstractPartitionBasedService - [API Usage][tb_core.4]: 0 entities
thingsboard     | 2023-02-23 16:06:22,875 [DbCallbackExecutorService-57-1] INFO  o.t.s.s.p.AbstractPartitionBasedService - [API Usage][tb_core.1]: 0 entities
thingsboard     | 2023-02-23 16:06:22,875 [DbCallbackExecutorService-57-1] INFO  o.t.s.s.p.AbstractPartitionBasedService - [API Usage][tb_core.2]: 0 entities
thingsboard     | 2023-02-23 16:06:22,875 [DbCallbackExecutorService-57-1] INFO  o.t.s.s.p.AbstractPartitionBasedService - [API Usage][tb_core.0]: 1 entities
thingsboard     | 2023-02-23 16:06:22,875 [DbCallbackExecutorService-57-1] INFO  o.t.s.s.p.AbstractPartitionBasedService - [API Usage][tb_core.9]: 0 entities
thingsboard     | 2023-02-23 16:06:22,875 [DbCallbackExecutorService-57-1] INFO  o.t.s.s.p.AbstractPartitionBasedService - [API Usage][tb_core.7]: 0 entities
thingsboard     | 2023-02-23 16:06:22,875 [DbCallbackExecutorService-57-1] INFO  o.t.s.s.p.AbstractPartitionBasedService - [API Usage][tb_core.8]: 0 entities
thingsboard     | 2023-02-23 16:06:22,875 [main] INFO  o.e.californium.core.CoapServer - Starting server
thingsboard     | 2023-02-23 16:06:22,874 [device-state-6-6] INFO  o.t.s.s.s.DefaultDeviceStateService - [8] Initialized 4 out of 4 device states
thingsboard     | 2023-02-23 16:06:22,879 [device-state-6-6] INFO  o.t.s.s.p.AbstractPartitionBasedService - [Device State] Managing following partitions:
thingsboard     | 2023-02-23 16:06:22,879 [device-state-6-6] INFO  o.t.s.s.p.AbstractPartitionBasedService - [Device State][tb_core.5]: 0 entities
thingsboard     | 2023-02-23 16:06:22,879 [device-state-6-6] INFO  o.t.s.s.p.AbstractPartitionBasedService - [Device State][tb_core.6]: 1 entities
thingsboard     | 2023-02-23 16:06:22,879 [device-state-6-6] INFO  o.t.s.s.p.AbstractPartitionBasedService - [Device State][tb_core.3]: 0 entities
thingsboard     | 2023-02-23 16:06:22,879 [device-state-6-6] INFO  o.t.s.s.p.AbstractPartitionBasedService - [Device State][tb_core.4]: 1 entities
thingsboard     | 2023-02-23 16:06:22,879 [device-state-6-6] INFO  o.t.s.s.p.AbstractPartitionBasedService - [Device State][tb_core.1]: 0 entities
thingsboard     | 2023-02-23 16:06:22,879 [device-state-6-6] INFO  o.t.s.s.p.AbstractPartitionBasedService - [Device State][tb_core.2]: 0 entities
thingsboard     | 2023-02-23 16:06:22,880 [device-state-6-6] INFO  o.t.s.s.p.AbstractPartitionBasedService - [Device State][tb_core.0]: 2 entities
thingsboard     | 2023-02-23 16:06:22,880 [device-state-6-6] INFO  o.t.s.s.p.AbstractPartitionBasedService - [Device State][tb_core.9]: 1 entities
thingsboard     | 2023-02-23 16:06:22,880 [device-state-6-6] INFO  o.t.s.s.p.AbstractPartitionBasedService - [Device State][tb_core.7]: 0 entities
thingsboard     | 2023-02-23 16:06:22,880 [device-state-6-6] INFO  o.t.s.s.p.AbstractPartitionBasedService - [Device State][tb_core.8]: 4 entities
thingsboard     | 2023-02-23 16:06:22,880 [main] INFO  o.e.c.elements.UDPConnector - UDPConnector starts up 2 sender threads and 2 receiver threads
thingsboard     | 2023-02-23 16:06:22,880 [main] INFO  o.e.c.elements.UDPConnector - UDPConnector listening on 0.0.0.0/0.0.0.0:5685, recv buf = 106496, send buf = 106496, recv packet size = 2048
thingsboard     | 2023-02-23 16:06:22,881 [main] INFO  o.e.c.core.network.CoapEndpoint - [LWM2M Server-coap://] Started endpoint at coap://0.0.0.0:5685
thingsboard     | 2023-02-23 16:06:22,881 [main] INFO  o.e.c.scandium.DTLSConnector - multiple network interfaces, using smallest MTU [IPv4 1500, IPv6 1280]
thingsboard     | 2023-02-23 16:06:22,881 [main] INFO  o.e.c.scandium.DTLSConnector - DTLSConnector listening on 0.0.0.0/0.0.0.0:5686, recv buf = 106496, send buf = 106496, recv packet size = 16490, MTU = IPv4 1500 / IPv6 1280
thingsboard     | 2023-02-23 16:06:22,881 [DTLS-Receiver-0-0.0.0.0/0.0.0.0:5686] INFO  o.e.c.scandium.DTLSConnector - Starting worker thread [DTLS-Receiver-0-0.0.0.0/0.0.0.0:5686]
thingsboard     | 2023-02-23 16:06:22,881 [DTLS-Receiver-1-0.0.0.0/0.0.0.0:5686] INFO  o.e.c.scandium.DTLSConnector - Starting worker thread [DTLS-Receiver-1-0.0.0.0/0.0.0.0:5686]
thingsboard     | 2023-02-23 16:06:22,881 [main] INFO  o.e.c.core.network.CoapEndpoint - [LWM2M Server-coaps://] Started endpoint at coaps://0.0.0.0:5686
thingsboard     | 2023-02-23 16:06:22,882 [main] INFO  o.e.l.s.californium.LeshanServer - LWM2M server started at coap://0.0.0.0/0.0.0.0:5685 coaps://0.0.0.0/0.0.0.0:5686
thingsboard     | 2023-02-23 16:06:22,884 [main] INFO  o.t.s.t.l.s.DefaultLwM2mTransportService - Started LwM2M transport server.
thingsboard     | 2023-02-23 16:06:22,884 [main] INFO  o.t.s.t.snmp.SnmpTransportContext - Initializing SNMP devices sessions
thingsboard     | 2023-02-23 16:06:23,762 [tb-rule-engine-consumer-repartition-45-thread-1] INFO  o.t.s.s.q.DefaultTbRuleEngineConsumerService - calculated addedPartitions [TopicPartitionInfo(topic=tb_rule_engine.main, tenantId=Optional[13814000-1dd2-11b2-8080-808080808080], partition=Optional[8], fullTopicName=tb_rule_engine.main.8, myPartition=true), TopicPartitionInfo(topic=tb_rule_engine.main, tenantId=Optional[13814000-1dd2-11b2-8080-808080808080], partition=Optional[9], fullTopicName=tb_rule_engine.main.9, myPartition=true), TopicPartitionInfo(topic=tb_rule_engine.main, tenantId=Optional[13814000-1dd2-11b2-8080-808080808080], partition=Optional[6], fullTopicName=tb_rule_engine.main.6, myPartition=true), TopicPartitionInfo(topic=tb_rule_engine.main, tenantId=Optional[13814000-1dd2-11b2-8080-808080808080], partition=Optional[7], fullTopicName=tb_rule_engine.main.7, myPartition=true), TopicPartitionInfo(topic=tb_rule_engine.main, tenantId=Optional[13814000-1dd2-11b2-8080-808080808080], partition=Optional[4], fullTopicName=tb_rule_engine.main.4, myPartition=true), TopicPartitionInfo(topic=tb_rule_engine.main, tenantId=Optional[13814000-1dd2-11b2-8080-808080808080], partition=Optional[5], fullTopicName=tb_rule_engine.main.5, myPartition=true), TopicPartitionInfo(topic=tb_rule_engine.main, tenantId=Optional[13814000-1dd2-11b2-8080-808080808080], partition=Optional[2], fullTopicName=tb_rule_engine.main.2, myPartition=true), TopicPartitionInfo(topic=tb_rule_engine.main, tenantId=Optional[13814000-1dd2-11b2-8080-808080808080], partition=Optional[3], fullTopicName=tb_rule_engine.main.3, myPartition=true), TopicPartitionInfo(topic=tb_rule_engine.main, tenantId=Optional[13814000-1dd2-11b2-8080-808080808080], partition=Optional[0], fullTopicName=tb_rule_engine.main.0, myPartition=true), TopicPartitionInfo(topic=tb_rule_engine.main, tenantId=Optional[13814000-1dd2-11b2-8080-808080808080], partition=Optional[1], fullTopicName=tb_rule_engine.main.1, myPartition=true)]
thingsboard     | 2023-02-23 16:06:23,762 [tb-rule-engine-consumer-repartition-45-thread-1] INFO  o.t.s.s.q.DefaultTbRuleEngineConsumerService - calculated removedPartitions []
thingsboard     | 2023-02-23 16:06:23,763 [tb-rule-engine-consumer-repartition-45-thread-1] INFO  o.t.s.s.q.DefaultTbRuleEngineConsumerService - [QK(Main,TB_RULE_ENGINE,system)] Adding consumer for topic: TopicPartitionInfo(topic=tb_rule_engine.main, tenantId=Optional[13814000-1dd2-11b2-8080-808080808080], partition=Optional[8], fullTopicName=tb_rule_engine.main.8, myPartition=true)
thingsboard     | 2023-02-23 16:06:23,764 [tb-rule-engine-consumer-repartition-45-thread-1] INFO  o.t.s.s.q.DefaultTbRuleEngineConsumerService - [QK(Main,TB_RULE_ENGINE,system)] Adding consumer for topic: TopicPartitionInfo(topic=tb_rule_engine.main, tenantId=Optional[13814000-1dd2-11b2-8080-808080808080], partition=Optional[9], fullTopicName=tb_rule_engine.main.9, myPartition=true)
thingsboard     | 2023-02-23 16:06:23,764 [tb-rule-engine-consumer-repartition-45-thread-1] INFO  o.t.s.s.q.DefaultTbRuleEngineConsumerService - [QK(Main,TB_RULE_ENGINE,system)] Adding consumer for topic: TopicPartitionInfo(topic=tb_rule_engine.main, tenantId=Optional[13814000-1dd2-11b2-8080-808080808080], partition=Optional[6], fullTopicName=tb_rule_engine.main.6, myPartition=true)
thingsboard     | 2023-02-23 16:06:23,765 [tb-rule-engine-consumer-repartition-45-thread-1] INFO  o.t.s.s.q.DefaultTbRuleEngineConsumerService - [QK(Main,TB_RULE_ENGINE,system)] Adding consumer for topic: TopicPartitionInfo(topic=tb_rule_engine.main, tenantId=Optional[13814000-1dd2-11b2-8080-808080808080], partition=Optional[7], fullTopicName=tb_rule_engine.main.7, myPartition=true)
thingsboard     | 2023-02-23 16:06:23,765 [tb-rule-engine-consumer-repartition-45-thread-1] INFO  o.t.s.s.q.DefaultTbRuleEngineConsumerService - [QK(Main,TB_RULE_ENGINE,system)] Adding consumer for topic: TopicPartitionInfo(topic=tb_rule_engine.main, tenantId=Optional[13814000-1dd2-11b2-8080-808080808080], partition=Optional[4], fullTopicName=tb_rule_engine.main.4, myPartition=true)
thingsboard     | 2023-02-23 16:06:23,765 [tb-rule-engine-consumer-repartition-45-thread-1] INFO  o.t.s.s.q.DefaultTbRuleEngineConsumerService - [QK(Main,TB_RULE_ENGINE,system)] Adding consumer for topic: TopicPartitionInfo(topic=tb_rule_engine.main, tenantId=Optional[13814000-1dd2-11b2-8080-808080808080], partition=Optional[5], fullTopicName=tb_rule_engine.main.5, myPartition=true)
thingsboard     | 2023-02-23 16:06:23,766 [tb-rule-engine-consumer-repartition-45-thread-1] INFO  o.t.s.s.q.DefaultTbRuleEngineConsumerService - [QK(Main,TB_RULE_ENGINE,system)] Adding consumer for topic: TopicPartitionInfo(topic=tb_rule_engine.main, tenantId=Optional[13814000-1dd2-11b2-8080-808080808080], partition=Optional[2], fullTopicName=tb_rule_engine.main.2, myPartition=true)
thingsboard     | 2023-02-23 16:06:23,766 [tb-rule-engine-consumer-repartition-45-thread-1] INFO  o.t.s.s.q.DefaultTbRuleEngineConsumerService - [QK(Main,TB_RULE_ENGINE,system)] Adding consumer for topic: TopicPartitionInfo(topic=tb_rule_engine.main, tenantId=Optional[13814000-1dd2-11b2-8080-808080808080], partition=Optional[3], fullTopicName=tb_rule_engine.main.3, myPartition=true)
thingsboard     | 2023-02-23 16:06:23,766 [tb-rule-engine-consumer-repartition-45-thread-1] INFO  o.t.s.s.q.DefaultTbRuleEngineConsumerService - [QK(Main,TB_RULE_ENGINE,system)] Adding consumer for topic: TopicPartitionInfo(topic=tb_rule_engine.main, tenantId=Optional[13814000-1dd2-11b2-8080-808080808080], partition=Optional[0], fullTopicName=tb_rule_engine.main.0, myPartition=true)
thingsboard     | 2023-02-23 16:06:23,766 [tb-rule-engine-consumer-repartition-45-thread-1] INFO  o.t.s.s.q.DefaultTbRuleEngineConsumerService - [QK(Main,TB_RULE_ENGINE,system)] Adding consumer for topic: TopicPartitionInfo(topic=tb_rule_engine.main, tenantId=Optional[13814000-1dd2-11b2-8080-808080808080], partition=Optional[1], fullTopicName=tb_rule_engine.main.1, myPartition=true)
thingsboard     | 2023-02-23 16:06:23,772 [tb-rule-engine-consumer-repartition-45-thread-1] INFO  o.t.s.s.q.DefaultTbRuleEngineConsumerService - calculated addedPartitions [TopicPartitionInfo(topic=tb_rule_engine.hp, tenantId=Optional[13814000-1dd2-11b2-8080-808080808080], partition=Optional[9], fullTopicName=tb_rule_engine.hp.9, myPartition=true), TopicPartitionInfo(topic=tb_rule_engine.hp, tenantId=Optional[13814000-1dd2-11b2-8080-808080808080], partition=Optional[7], fullTopicName=tb_rule_engine.hp.7, myPartition=true), TopicPartitionInfo(topic=tb_rule_engine.hp, tenantId=Optional[13814000-1dd2-11b2-8080-808080808080], partition=Optional[8], fullTopicName=tb_rule_engine.hp.8, myPartition=true), TopicPartitionInfo(topic=tb_rule_engine.hp, tenantId=Optional[13814000-1dd2-11b2-8080-808080808080], partition=Optional[5], fullTopicName=tb_rule_engine.hp.5, myPartition=true), TopicPartitionInfo(topic=tb_rule_engine.hp, tenantId=Optional[13814000-1dd2-11b2-8080-808080808080], partition=Optional[6], fullTopicName=tb_rule_engine.hp.6, myPartition=true), TopicPartitionInfo(topic=tb_rule_engine.hp, tenantId=Optional[13814000-1dd2-11b2-8080-808080808080], partition=Optional[3], fullTopicName=tb_rule_engine.hp.3, myPartition=true), TopicPartitionInfo(topic=tb_rule_engine.hp, tenantId=Optional[13814000-1dd2-11b2-8080-808080808080], partition=Optional[4], fullTopicName=tb_rule_engine.hp.4, myPartition=true), TopicPartitionInfo(topic=tb_rule_engine.hp, tenantId=Optional[13814000-1dd2-11b2-8080-808080808080], partition=Optional[1], fullTopicName=tb_rule_engine.hp.1, myPartition=true), TopicPartitionInfo(topic=tb_rule_engine.hp, tenantId=Optional[13814000-1dd2-11b2-8080-808080808080], partition=Optional[2], fullTopicName=tb_rule_engine.hp.2, myPartition=true), TopicPartitionInfo(topic=tb_rule_engine.hp, tenantId=Optional[13814000-1dd2-11b2-8080-808080808080], partition=Optional[0], fullTopicName=tb_rule_engine.hp.0, myPartition=true)]
thingsboard     | 2023-02-23 16:06:23,772 [tb-rule-engine-consumer-repartition-45-thread-1] INFO  o.t.s.s.q.DefaultTbRuleEngineConsumerService - calculated removedPartitions []
thingsboard     | 2023-02-23 16:06:23,772 [tb-rule-engine-consumer-repartition-45-thread-1] INFO  o.t.s.s.q.DefaultTbRuleEngineConsumerService - [QK(HighPriority,TB_RULE_ENGINE,system)] Adding consumer for topic: TopicPartitionInfo(topic=tb_rule_engine.hp, tenantId=Optional[13814000-1dd2-11b2-8080-808080808080], partition=Optional[9], fullTopicName=tb_rule_engine.hp.9, myPartition=true)
thingsboard     | 2023-02-23 16:06:23,773 [tb-rule-engine-consumer-repartition-45-thread-1] INFO  o.t.s.s.q.DefaultTbRuleEngineConsumerService - [QK(HighPriority,TB_RULE_ENGINE,system)] Adding consumer for topic: TopicPartitionInfo(topic=tb_rule_engine.hp, tenantId=Optional[13814000-1dd2-11b2-8080-808080808080], partition=Optional[7], fullTopicName=tb_rule_engine.hp.7, myPartition=true)
thingsboard     | 2023-02-23 16:06:23,773 [tb-rule-engine-consumer-repartition-45-thread-1] INFO  o.t.s.s.q.DefaultTbRuleEngineConsumerService - [QK(HighPriority,TB_RULE_ENGINE,system)] Adding consumer for topic: TopicPartitionInfo(topic=tb_rule_engine.hp, tenantId=Optional[13814000-1dd2-11b2-8080-808080808080], partition=Optional[8], fullTopicName=tb_rule_engine.hp.8, myPartition=true)
thingsboard     | 2023-02-23 16:06:23,773 [tb-rule-engine-consumer-repartition-45-thread-1] INFO  o.t.s.s.q.DefaultTbRuleEngineConsumerService - [QK(HighPriority,TB_RULE_ENGINE,system)] Adding consumer for topic: TopicPartitionInfo(topic=tb_rule_engine.hp, tenantId=Optional[13814000-1dd2-11b2-8080-808080808080], partition=Optional[5], fullTopicName=tb_rule_engine.hp.5, myPartition=true)
thingsboard     | 2023-02-23 16:06:23,774 [tb-rule-engine-consumer-repartition-45-thread-1] INFO  o.t.s.s.q.DefaultTbRuleEngineConsumerService - [QK(HighPriority,TB_RULE_ENGINE,system)] Adding consumer for topic: TopicPartitionInfo(topic=tb_rule_engine.hp, tenantId=Optional[13814000-1dd2-11b2-8080-808080808080], partition=Optional[6], fullTopicName=tb_rule_engine.hp.6, myPartition=true)
thingsboard     | 2023-02-23 16:06:23,774 [tb-rule-engine-consumer-repartition-45-thread-1] INFO  o.t.s.s.q.DefaultTbRuleEngineConsumerService - [QK(HighPriority,TB_RULE_ENGINE,system)] Adding consumer for topic: TopicPartitionInfo(topic=tb_rule_engine.hp, tenantId=Optional[13814000-1dd2-11b2-8080-808080808080], partition=Optional[3], fullTopicName=tb_rule_engine.hp.3, myPartition=true)
thingsboard     | 2023-02-23 16:06:23,774 [tb-rule-engine-consumer-repartition-45-thread-1] INFO  o.t.s.s.q.DefaultTbRuleEngineConsumerService - [QK(HighPriority,TB_RULE_ENGINE,system)] Adding consumer for topic: TopicPartitionInfo(topic=tb_rule_engine.hp, tenantId=Optional[13814000-1dd2-11b2-8080-808080808080], partition=Optional[4], fullTopicName=tb_rule_engine.hp.4, myPartition=true)
thingsboard     | 2023-02-23 16:06:23,775 [tb-rule-engine-consumer-repartition-45-thread-1] INFO  o.t.s.s.q.DefaultTbRuleEngineConsumerService - [QK(HighPriority,TB_RULE_ENGINE,system)] Adding consumer for topic: TopicPartitionInfo(topic=tb_rule_engine.hp, tenantId=Optional[13814000-1dd2-11b2-8080-808080808080], partition=Optional[1], fullTopicName=tb_rule_engine.hp.1, myPartition=true)
thingsboard     | 2023-02-23 16:06:23,775 [tb-rule-engine-consumer-repartition-45-thread-1] INFO  o.t.s.s.q.DefaultTbRuleEngineConsumerService - [QK(HighPriority,TB_RULE_ENGINE,system)] Adding consumer for topic: TopicPartitionInfo(topic=tb_rule_engine.hp, tenantId=Optional[13814000-1dd2-11b2-8080-808080808080], partition=Optional[2], fullTopicName=tb_rule_engine.hp.2, myPartition=true)
thingsboard     | 2023-02-23 16:06:23,776 [tb-rule-engine-consumer-repartition-45-thread-1] INFO  o.t.s.s.q.DefaultTbRuleEngineConsumerService - [QK(HighPriority,TB_RULE_ENGINE,system)] Adding consumer for topic: TopicPartitionInfo(topic=tb_rule_engine.hp, tenantId=Optional[13814000-1dd2-11b2-8080-808080808080], partition=Optional[0], fullTopicName=tb_rule_engine.hp.0, myPartition=true)
thingsboard     | 2023-02-23 16:06:23,776 [tb-rule-engine-consumer-repartition-45-thread-1] INFO  o.t.s.s.q.DefaultTbRuleEngineConsumerService - calculated addedPartitions [TopicPartitionInfo(topic=tb_rule_engine.sq, tenantId=Optional[13814000-1dd2-11b2-8080-808080808080], partition=Optional[9], fullTopicName=tb_rule_engine.sq.9, myPartition=true), TopicPartitionInfo(topic=tb_rule_engine.sq, tenantId=Optional[13814000-1dd2-11b2-8080-808080808080], partition=Optional[8], fullTopicName=tb_rule_engine.sq.8, myPartition=true), TopicPartitionInfo(topic=tb_rule_engine.sq, tenantId=Optional[13814000-1dd2-11b2-8080-808080808080], partition=Optional[7], fullTopicName=tb_rule_engine.sq.7, myPartition=true), TopicPartitionInfo(topic=tb_rule_engine.sq, tenantId=Optional[13814000-1dd2-11b2-8080-808080808080], partition=Optional[2], fullTopicName=tb_rule_engine.sq.2, myPartition=true), TopicPartitionInfo(topic=tb_rule_engine.sq, tenantId=Optional[13814000-1dd2-11b2-8080-808080808080], partition=Optional[1], fullTopicName=tb_rule_engine.sq.1, myPartition=true), TopicPartitionInfo(topic=tb_rule_engine.sq, tenantId=Optional[13814000-1dd2-11b2-8080-808080808080], partition=Optional[0], fullTopicName=tb_rule_engine.sq.0, myPartition=true), TopicPartitionInfo(topic=tb_rule_engine.sq, tenantId=Optional[13814000-1dd2-11b2-8080-808080808080], partition=Optional[6], fullTopicName=tb_rule_engine.sq.6, myPartition=true), TopicPartitionInfo(topic=tb_rule_engine.sq, tenantId=Optional[13814000-1dd2-11b2-8080-808080808080], partition=Optional[5], fullTopicName=tb_rule_engine.sq.5, myPartition=true), TopicPartitionInfo(topic=tb_rule_engine.sq, tenantId=Optional[13814000-1dd2-11b2-8080-808080808080], partition=Optional[4], fullTopicName=tb_rule_engine.sq.4, myPartition=true), TopicPartitionInfo(topic=tb_rule_engine.sq, tenantId=Optional[13814000-1dd2-11b2-8080-808080808080], partition=Optional[3], fullTopicName=tb_rule_engine.sq.3, myPartition=true)]
thingsboard     | 2023-02-23 16:06:23,776 [tb-rule-engine-consumer-repartition-45-thread-1] INFO  o.t.s.s.q.DefaultTbRuleEngineConsumerService - calculated removedPartitions []
thingsboard     | 2023-02-23 16:06:23,776 [tb-rule-engine-consumer-repartition-45-thread-1] INFO  o.t.s.s.q.DefaultTbRuleEngineConsumerService - [QK(SequentialByOriginator,TB_RULE_ENGINE,system)] Adding consumer for topic: TopicPartitionInfo(topic=tb_rule_engine.sq, tenantId=Optional[13814000-1dd2-11b2-8080-808080808080], partition=Optional[9], fullTopicName=tb_rule_engine.sq.9, myPartition=true)
thingsboard     | 2023-02-23 16:06:23,777 [tb-rule-engine-consumer-repartition-45-thread-1] INFO  o.t.s.s.q.DefaultTbRuleEngineConsumerService - [QK(SequentialByOriginator,TB_RULE_ENGINE,system)] Adding consumer for topic: TopicPartitionInfo(topic=tb_rule_engine.sq, tenantId=Optional[13814000-1dd2-11b2-8080-808080808080], partition=Optional[8], fullTopicName=tb_rule_engine.sq.8, myPartition=true)
thingsboard     | 2023-02-23 16:06:23,777 [tb-rule-engine-consumer-repartition-45-thread-1] INFO  o.t.s.s.q.DefaultTbRuleEngineConsumerService - [QK(SequentialByOriginator,TB_RULE_ENGINE,system)] Adding consumer for topic: TopicPartitionInfo(topic=tb_rule_engine.sq, tenantId=Optional[13814000-1dd2-11b2-8080-808080808080], partition=Optional[7], fullTopicName=tb_rule_engine.sq.7, myPartition=true)
thingsboard     | 2023-02-23 16:06:23,777 [tb-rule-engine-consumer-repartition-45-thread-1] INFO  o.t.s.s.q.DefaultTbRuleEngineConsumerService - [QK(SequentialByOriginator,TB_RULE_ENGINE,system)] Adding consumer for topic: TopicPartitionInfo(topic=tb_rule_engine.sq, tenantId=Optional[13814000-1dd2-11b2-8080-808080808080], partition=Optional[2], fullTopicName=tb_rule_engine.sq.2, myPartition=true)
thingsboard     | 2023-02-23 16:06:23,778 [tb-rule-engine-consumer-repartition-45-thread-1] INFO  o.t.s.s.q.DefaultTbRuleEngineConsumerService - [QK(SequentialByOriginator,TB_RULE_ENGINE,system)] Adding consumer for topic: TopicPartitionInfo(topic=tb_rule_engine.sq, tenantId=Optional[13814000-1dd2-11b2-8080-808080808080], partition=Optional[1], fullTopicName=tb_rule_engine.sq.1, myPartition=true)
thingsboard     | 2023-02-23 16:06:23,778 [tb-rule-engine-consumer-repartition-45-thread-1] INFO  o.t.s.s.q.DefaultTbRuleEngineConsumerService - [QK(SequentialByOriginator,TB_RULE_ENGINE,system)] Adding consumer for topic: TopicPartitionInfo(topic=tb_rule_engine.sq, tenantId=Optional[13814000-1dd2-11b2-8080-808080808080], partition=Optional[0], fullTopicName=tb_rule_engine.sq.0, myPartition=true)
thingsboard     | 2023-02-23 16:06:23,778 [tb-rule-engine-consumer-repartition-45-thread-1] INFO  o.t.s.s.q.DefaultTbRuleEngineConsumerService - [QK(SequentialByOriginator,TB_RULE_ENGINE,system)] Adding consumer for topic: TopicPartitionInfo(topic=tb_rule_engine.sq, tenantId=Optional[13814000-1dd2-11b2-8080-808080808080], partition=Optional[6], fullTopicName=tb_rule_engine.sq.6, myPartition=true)
thingsboard     | 2023-02-23 16:06:23,779 [tb-rule-engine-consumer-repartition-45-thread-1] INFO  o.t.s.s.q.DefaultTbRuleEngineConsumerService - [QK(SequentialByOriginator,TB_RULE_ENGINE,system)] Adding consumer for topic: TopicPartitionInfo(topic=tb_rule_engine.sq, tenantId=Optional[13814000-1dd2-11b2-8080-808080808080], partition=Optional[5], fullTopicName=tb_rule_engine.sq.5, myPartition=true)
thingsboard     | 2023-02-23 16:06:23,779 [tb-rule-engine-consumer-repartition-45-thread-1] INFO  o.t.s.s.q.DefaultTbRuleEngineConsumerService - [QK(SequentialByOriginator,TB_RULE_ENGINE,system)] Adding consumer for topic: TopicPartitionInfo(topic=tb_rule_engine.sq, tenantId=Optional[13814000-1dd2-11b2-8080-808080808080], partition=Optional[4], fullTopicName=tb_rule_engine.sq.4, myPartition=true)
thingsboard     | 2023-02-23 16:06:23,780 [tb-rule-engine-consumer-repartition-45-thread-1] INFO  o.t.s.s.q.DefaultTbRuleEngineConsumerService - [QK(SequentialByOriginator,TB_RULE_ENGINE,system)] Adding consumer for topic: TopicPartitionInfo(topic=tb_rule_engine.sq, tenantId=Optional[13814000-1dd2-11b2-8080-808080808080], partition=Optional[3], fullTopicName=tb_rule_engine.sq.3, myPartition=true)
thingsboard     | 2023-02-23 16:07:22,706 [TB-Scheduling-5] INFO  o.t.s.c.t.s.DefaultTransportService - Transport Stats: openConnections [0]
thingsboard     | 2023-02-23 16:07:22,708 [TB-Scheduling-3] INFO  o.t.s.dao.aspect.SqlDaoCallsAspect - Total timing statistics below:
thingsboard     | 2023-02-23 16:07:22,709 [TB-Scheduling-3] INFO  o.t.s.dao.aspect.SqlDaoCallsAspect - [f549eae0-b393-11ed-becf-a952b36a7912]: calls: 36, failures: 0, exec time: 155 
thingsboard     | 2023-02-23 16:07:22,709 [TB-Scheduling-3] INFO  o.t.s.dao.aspect.SqlDaoCallsAspect - [f549eae0-b393-11ed-becf-a952b36a7912] Top 3 methods by timing:
thingsboard     | 2023-02-23 16:07:22,710 [TB-Scheduling-3] INFO  o.t.s.dao.aspect.SqlDaoCallsAspect - [f549eae0-b393-11ed-becf-a952b36a7912]: method: JpaAbstractDao.findById(..), calls: 31, failures: 0, exec time: 122
thingsboard     | 2023-02-23 16:07:22,710 [TB-Scheduling-3] INFO  o.t.s.dao.aspect.SqlDaoCallsAspect - [f549eae0-b393-11ed-becf-a952b36a7912]: method: JpaRelationDao.findAllByFrom(..), calls: 2, failures: 0, exec time: 21
thingsboard     | 2023-02-23 16:07:22,710 [TB-Scheduling-3] INFO  o.t.s.dao.aspect.SqlDaoCallsAspect - [f549eae0-b393-11ed-becf-a952b36a7912]: method: JpaRuleChainDao.findRuleChainsByTenantIdAndType(..), calls: 1, failures: 0, exec time: 5
^CGracefully stopping... (press Ctrl+C again to force)
Stopping spotlight-fe ... done
Stopping thingsboard  ... done
Stopping spotlight-db ... done
Stopping spotlight-be ... done

rob@rob-server-TC-780:~/development/Spotlight-IoT-GCP$ docker-compose down
Removing spotlight-fe ... done
Removing thingsboard  ... done
Removing spotlight-db ... done
Removing spotlight-be ... done
Removing pi           ... done
Removing network spotlight-iot-gcp_default


